2021-08-03 09:22:45,522 INFO werkzeug MainThread :  * Running on http://127.0.0.1:5000/ (Press CTRL+C to quit)
2021-08-03 09:22:45,525 INFO werkzeug MainThread :  * Restarting with stat
2021-08-03 09:22:46,209 WARNING werkzeug MainThread :  * Debugger is active!
2021-08-03 09:22:46,214 INFO werkzeug MainThread :  * Debugger PIN: 143-471-796
2021-08-03 09:22:51,485 DEBUG boto3.resources.action Thread-2 : Calling dynamodb:scan with {'TableName': 'chatMessages'}
2021-08-03 09:22:51,485 DEBUG botocore.hooks Thread-2 : Event provide-client-params.dynamodb.Scan: calling handler <function copy_dynamodb_params at 0x7f83f432a5e0>
2021-08-03 09:22:51,485 DEBUG botocore.hooks Thread-2 : Event before-parameter-build.dynamodb.Scan: calling handler <bound method TransformationInjector.inject_condition_expressions of <boto3.dynamodb.transform.TransformationInjector object at 0x7f83f4304910>>
2021-08-03 09:22:51,486 DEBUG botocore.hooks Thread-2 : Event before-parameter-build.dynamodb.Scan: calling handler <bound method TransformationInjector.inject_attribute_value_input of <boto3.dynamodb.transform.TransformationInjector object at 0x7f83f4304910>>
2021-08-03 09:22:51,486 DEBUG botocore.hooks Thread-2 : Event before-parameter-build.dynamodb.Scan: calling handler <function generate_idempotent_uuid at 0x7f83f3dea700>
2021-08-03 09:22:51,486 DEBUG botocore.hooks Thread-2 : Event before-parameter-build.dynamodb.Scan: calling handler <function block_endpoint_discovery_required_operations at 0x7f83f3d9df70>
2021-08-03 09:22:51,486 DEBUG botocore.hooks Thread-2 : Event before-call.dynamodb.Scan: calling handler <function inject_api_version_header_if_needed at 0x7f83f3df1f70>
2021-08-03 09:22:51,486 DEBUG botocore.endpoint Thread-2 : Making request for OperationModel(name=Scan) with params: {'url_path': '/', 'query_string': '', 'method': 'POST', 'headers': {'X-Amz-Target': 'DynamoDB_20120810.Scan', 'Content-Type': 'application/x-amz-json-1.0', 'User-Agent': 'Boto3/1.18.11 Python/3.8.0 Darwin/19.6.0 Botocore/1.21.11 Resource'}, 'body': b'{"TableName": "chatMessages"}', 'url': 'https://dynamodb.us-east-1.amazonaws.com/', 'context': {'client_region': 'us-east-1', 'client_config': <botocore.config.Config object at 0x7f83f4267e50>, 'has_streaming_input': False, 'auth_type': None}}
2021-08-03 09:22:51,487 DEBUG botocore.hooks Thread-2 : Event request-created.dynamodb.Scan: calling handler <bound method RequestSigner.handler of <botocore.signers.RequestSigner object at 0x7f83f4267c70>>
2021-08-03 09:22:51,487 DEBUG botocore.hooks Thread-2 : Event choose-signer.dynamodb.Scan: calling handler <function set_operation_specific_signer at 0x7f83f3dea5e0>
2021-08-03 09:22:51,487 DEBUG botocore.auth Thread-2 : Calculating signature using v4 auth.
2021-08-03 09:22:51,487 DEBUG botocore.auth Thread-2 : CanonicalRequest:
POST
/

content-type:application/x-amz-json-1.0
host:dynamodb.us-east-1.amazonaws.com
x-amz-date:20210803T152251Z
x-amz-target:DynamoDB_20120810.Scan

content-type;host;x-amz-date;x-amz-target
d69fbfa6d79423ac3d08f7034a1a847436fbfb4cf619230b4742618647afad99
2021-08-03 09:22:51,488 DEBUG botocore.auth Thread-2 : StringToSign:
AWS4-HMAC-SHA256
20210803T152251Z
20210803/us-east-1/dynamodb/aws4_request
f821bae51e97c2180282bec4e032917608317a41940deb3aea877d195eba4f15
2021-08-03 09:22:51,488 DEBUG botocore.auth Thread-2 : Signature:
8e6cadace4bfb027b3d58a38b928d6ffc0d315ce6e3dfc2a22bb87161accef2e
2021-08-03 09:22:51,488 DEBUG botocore.endpoint Thread-2 : Sending http request: <AWSPreparedRequest stream_output=False, method=POST, url=https://dynamodb.us-east-1.amazonaws.com/, headers={'X-Amz-Target': b'DynamoDB_20120810.Scan', 'Content-Type': b'application/x-amz-json-1.0', 'User-Agent': b'Boto3/1.18.11 Python/3.8.0 Darwin/19.6.0 Botocore/1.21.11 Resource', 'X-Amz-Date': b'20210803T152251Z', 'Authorization': b'AWS4-HMAC-SHA256 Credential=AKIARM56JYRCU2OOB7XQ/20210803/us-east-1/dynamodb/aws4_request, SignedHeaders=content-type;host;x-amz-date;x-amz-target, Signature=8e6cadace4bfb027b3d58a38b928d6ffc0d315ce6e3dfc2a22bb87161accef2e', 'Content-Length': '29'}>
2021-08-03 09:22:51,488 DEBUG botocore.httpsession Thread-2 : Certificate path: /Users/srubey/PycharmProjects/testFlaskProject/env/lib/python3.8/site-packages/botocore/cacert.pem
2021-08-03 09:22:51,550 DEBUG urllib3.connectionpool Thread-2 : https://dynamodb.us-east-1.amazonaws.com:443 "POST / HTTP/1.1" 200 717
2021-08-03 09:22:51,551 DEBUG botocore.parsers Thread-2 : Response headers: {'Server': 'Server', 'Date': 'Tue, 03 Aug 2021 15:22:51 GMT', 'Content-Type': 'application/x-amz-json-1.0', 'Content-Length': '717', 'Connection': 'keep-alive', 'x-amzn-RequestId': 'HJTSBA2K1J5G7J5UTH0OHB1PQFVV4KQNSO5AEMVJF66Q9ASUAAJG', 'x-amz-crc32': '1811974655'}
2021-08-03 09:22:51,551 DEBUG botocore.parsers Thread-2 : Response body:
b'{"Count":7,"Items":[{"message":{"S":"Harry"},"name":{"S":"Well hello there!"},"timestamp":{"S":"2021-08-02 17:23:42.051807"}},{"message":{"S":"scott"},"name":{"S":"Test 3"},"timestamp":{"S":"2021-08-02 17:20:44.651013"}},{"message":{"S":"scott"},"name":{"S":"Test 4"},"timestamp":{"S":"2021-08-02 17:20:51.808133"}},{"message":{"S":"Harry"},"name":{"S":"Goodbye"},"timestamp":{"S":"2021-08-02 17:23:48.870860"}},{"message":{"S":"John"},"name":{"S":"Hey guys!"},"timestamp":{"S":"2021-08-02 17:26:13.205307"}},{"message":{"S":"scott"},"name":{"S":"Test 2"},"timestamp":{"S":"2021-08-02 17:20:38.809618"}},{"message":{"S":"scott"},"name":{"S":"Test 1"},"timestamp":{"S":"2021-08-02 17:20:32.303538"}}],"ScannedCount":7}'
2021-08-03 09:22:51,552 DEBUG botocore.hooks Thread-2 : Event needs-retry.dynamodb.Scan: calling handler <botocore.retryhandler.RetryHandler object at 0x7f83f428a8e0>
2021-08-03 09:22:51,552 DEBUG botocore.retryhandler Thread-2 : No retry needed.
2021-08-03 09:22:51,553 DEBUG botocore.hooks Thread-2 : Event after-call.dynamodb.Scan: calling handler <bound method TransformationInjector.inject_attribute_value_output of <boto3.dynamodb.transform.TransformationInjector object at 0x7f83f4304910>>
2021-08-03 09:22:51,553 DEBUG boto3.resources.action Thread-2 : Response: {'Items': [{'message': 'Harry', 'name': 'Well hello there!', 'timestamp': '2021-08-02 17:23:42.051807'}, {'message': 'scott', 'name': 'Test 3', 'timestamp': '2021-08-02 17:20:44.651013'}, {'message': 'scott', 'name': 'Test 4', 'timestamp': '2021-08-02 17:20:51.808133'}, {'message': 'Harry', 'name': 'Goodbye', 'timestamp': '2021-08-02 17:23:48.870860'}, {'message': 'John', 'name': 'Hey guys!', 'timestamp': '2021-08-02 17:26:13.205307'}, {'message': 'scott', 'name': 'Test 2', 'timestamp': '2021-08-02 17:20:38.809618'}, {'message': 'scott', 'name': 'Test 1', 'timestamp': '2021-08-02 17:20:32.303538'}], 'Count': 7, 'ScannedCount': 7, 'ResponseMetadata': {'RequestId': 'HJTSBA2K1J5G7J5UTH0OHB1PQFVV4KQNSO5AEMVJF66Q9ASUAAJG', 'HTTPStatusCode': 200, 'HTTPHeaders': {'server': 'Server', 'date': 'Tue, 03 Aug 2021 15:22:51 GMT', 'content-type': 'application/x-amz-json-1.0', 'content-length': '717', 'connection': 'keep-alive', 'x-amzn-requestid': 'HJTSBA2K1J5G7J5UTH0OHB1PQFVV4KQNSO5AEMVJF66Q9ASUAAJG', 'x-amz-crc32': '1811974655'}, 'RetryAttempts': 0}}
2021-08-03 09:22:51,575 INFO werkzeug Thread-2 : 127.0.0.1 - - [03/Aug/2021 09:22:51] "GET /chat HTTP/1.1" 200 -
2021-08-03 09:22:51,601 INFO werkzeug Thread-3 : 127.0.0.1 - - [03/Aug/2021 09:22:51] "[36mGET /static/index.css HTTP/1.1[0m" 304 -
2021-08-03 09:24:19,281 INFO werkzeug MainThread :  * Detected change in '/Users/srubey/PycharmProjects/testFlaskProject/app.py', reloading
2021-08-03 09:24:19,333 INFO werkzeug MainThread :  * Restarting with stat
2021-08-03 09:24:20,035 WARNING werkzeug MainThread :  * Debugger is active!
2021-08-03 09:24:20,041 INFO werkzeug MainThread :  * Debugger PIN: 143-471-796
2021-08-03 09:25:11,852 INFO werkzeug MainThread :  * Running on http://127.0.0.1:5000/ (Press CTRL+C to quit)
2021-08-03 09:25:11,855 INFO werkzeug MainThread :  * Restarting with stat
2021-08-03 09:25:12,519 WARNING werkzeug MainThread :  * Debugger is active!
2021-08-03 09:25:12,524 INFO werkzeug MainThread :  * Debugger PIN: 143-471-796
2021-08-03 09:25:17,759 DEBUG boto3.resources.action Thread-2 : Calling dynamodb:scan with {'TableName': 'chatMessages'}
2021-08-03 09:25:17,759 DEBUG botocore.hooks Thread-2 : Event provide-client-params.dynamodb.Scan: calling handler <function copy_dynamodb_params at 0x7f82df92f670>
2021-08-03 09:25:17,760 DEBUG botocore.hooks Thread-2 : Event before-parameter-build.dynamodb.Scan: calling handler <bound method TransformationInjector.inject_condition_expressions of <boto3.dynamodb.transform.TransformationInjector object at 0x7f82df909910>>
2021-08-03 09:25:17,760 DEBUG botocore.hooks Thread-2 : Event before-parameter-build.dynamodb.Scan: calling handler <bound method TransformationInjector.inject_attribute_value_input of <boto3.dynamodb.transform.TransformationInjector object at 0x7f82df909910>>
2021-08-03 09:25:17,760 DEBUG botocore.hooks Thread-2 : Event before-parameter-build.dynamodb.Scan: calling handler <function generate_idempotent_uuid at 0x7f82debe9790>
2021-08-03 09:25:17,760 DEBUG botocore.hooks Thread-2 : Event before-parameter-build.dynamodb.Scan: calling handler <function block_endpoint_discovery_required_operations at 0x7f82deba7040>
2021-08-03 09:25:17,760 DEBUG botocore.hooks Thread-2 : Event before-call.dynamodb.Scan: calling handler <function inject_api_version_header_if_needed at 0x7f82debf1040>
2021-08-03 09:25:17,760 DEBUG botocore.endpoint Thread-2 : Making request for OperationModel(name=Scan) with params: {'url_path': '/', 'query_string': '', 'method': 'POST', 'headers': {'X-Amz-Target': 'DynamoDB_20120810.Scan', 'Content-Type': 'application/x-amz-json-1.0', 'User-Agent': 'Boto3/1.18.11 Python/3.8.0 Darwin/19.6.0 Botocore/1.21.11 Resource'}, 'body': b'{"TableName": "chatMessages"}', 'url': 'https://dynamodb.us-east-1.amazonaws.com/', 'context': {'client_region': 'us-east-1', 'client_config': <botocore.config.Config object at 0x7f82df86ce50>, 'has_streaming_input': False, 'auth_type': None}}
2021-08-03 09:25:17,761 DEBUG botocore.hooks Thread-2 : Event request-created.dynamodb.Scan: calling handler <bound method RequestSigner.handler of <botocore.signers.RequestSigner object at 0x7f82df86cc70>>
2021-08-03 09:25:17,761 DEBUG botocore.hooks Thread-2 : Event choose-signer.dynamodb.Scan: calling handler <function set_operation_specific_signer at 0x7f82debe9670>
2021-08-03 09:25:17,761 DEBUG botocore.auth Thread-2 : Calculating signature using v4 auth.
2021-08-03 09:25:17,761 DEBUG botocore.auth Thread-2 : CanonicalRequest:
POST
/

content-type:application/x-amz-json-1.0
host:dynamodb.us-east-1.amazonaws.com
x-amz-date:20210803T152517Z
x-amz-target:DynamoDB_20120810.Scan

content-type;host;x-amz-date;x-amz-target
d69fbfa6d79423ac3d08f7034a1a847436fbfb4cf619230b4742618647afad99
2021-08-03 09:25:17,761 DEBUG botocore.auth Thread-2 : StringToSign:
AWS4-HMAC-SHA256
20210803T152517Z
20210803/us-east-1/dynamodb/aws4_request
b261f244e74768cd20017603dc724b25dea081cf7fbc3f3aeb4582c3078cead3
2021-08-03 09:25:17,761 DEBUG botocore.auth Thread-2 : Signature:
d2e89bb8ab6d9724c74103b86d5c33b307786a7081af2069bd1d5d4644ca9a5d
2021-08-03 09:25:17,762 DEBUG botocore.endpoint Thread-2 : Sending http request: <AWSPreparedRequest stream_output=False, method=POST, url=https://dynamodb.us-east-1.amazonaws.com/, headers={'X-Amz-Target': b'DynamoDB_20120810.Scan', 'Content-Type': b'application/x-amz-json-1.0', 'User-Agent': b'Boto3/1.18.11 Python/3.8.0 Darwin/19.6.0 Botocore/1.21.11 Resource', 'X-Amz-Date': b'20210803T152517Z', 'Authorization': b'AWS4-HMAC-SHA256 Credential=AKIARM56JYRCU2OOB7XQ/20210803/us-east-1/dynamodb/aws4_request, SignedHeaders=content-type;host;x-amz-date;x-amz-target, Signature=d2e89bb8ab6d9724c74103b86d5c33b307786a7081af2069bd1d5d4644ca9a5d', 'Content-Length': '29'}>
2021-08-03 09:25:17,762 DEBUG botocore.httpsession Thread-2 : Certificate path: /Users/srubey/PycharmProjects/testFlaskProject/env/lib/python3.8/site-packages/botocore/cacert.pem
2021-08-03 09:25:17,830 DEBUG urllib3.connectionpool Thread-2 : https://dynamodb.us-east-1.amazonaws.com:443 "POST / HTTP/1.1" 200 717
2021-08-03 09:25:17,831 DEBUG botocore.parsers Thread-2 : Response headers: {'Server': 'Server', 'Date': 'Tue, 03 Aug 2021 15:25:17 GMT', 'Content-Type': 'application/x-amz-json-1.0', 'Content-Length': '717', 'Connection': 'keep-alive', 'x-amzn-RequestId': '7AVLM3I641EEMROVM2CTC6AQIBVV4KQNSO5AEMVJF66Q9ASUAAJG', 'x-amz-crc32': '1811974655'}
2021-08-03 09:25:17,831 DEBUG botocore.parsers Thread-2 : Response body:
b'{"Count":7,"Items":[{"message":{"S":"Harry"},"name":{"S":"Well hello there!"},"timestamp":{"S":"2021-08-02 17:23:42.051807"}},{"message":{"S":"scott"},"name":{"S":"Test 3"},"timestamp":{"S":"2021-08-02 17:20:44.651013"}},{"message":{"S":"scott"},"name":{"S":"Test 4"},"timestamp":{"S":"2021-08-02 17:20:51.808133"}},{"message":{"S":"Harry"},"name":{"S":"Goodbye"},"timestamp":{"S":"2021-08-02 17:23:48.870860"}},{"message":{"S":"John"},"name":{"S":"Hey guys!"},"timestamp":{"S":"2021-08-02 17:26:13.205307"}},{"message":{"S":"scott"},"name":{"S":"Test 2"},"timestamp":{"S":"2021-08-02 17:20:38.809618"}},{"message":{"S":"scott"},"name":{"S":"Test 1"},"timestamp":{"S":"2021-08-02 17:20:32.303538"}}],"ScannedCount":7}'
2021-08-03 09:25:17,832 DEBUG botocore.hooks Thread-2 : Event needs-retry.dynamodb.Scan: calling handler <botocore.retryhandler.RetryHandler object at 0x7f82df88f8e0>
2021-08-03 09:25:17,832 DEBUG botocore.retryhandler Thread-2 : No retry needed.
2021-08-03 09:25:17,833 DEBUG botocore.hooks Thread-2 : Event after-call.dynamodb.Scan: calling handler <bound method TransformationInjector.inject_attribute_value_output of <boto3.dynamodb.transform.TransformationInjector object at 0x7f82df909910>>
2021-08-03 09:25:17,833 DEBUG boto3.resources.action Thread-2 : Response: {'Items': [{'message': 'Harry', 'name': 'Well hello there!', 'timestamp': '2021-08-02 17:23:42.051807'}, {'message': 'scott', 'name': 'Test 3', 'timestamp': '2021-08-02 17:20:44.651013'}, {'message': 'scott', 'name': 'Test 4', 'timestamp': '2021-08-02 17:20:51.808133'}, {'message': 'Harry', 'name': 'Goodbye', 'timestamp': '2021-08-02 17:23:48.870860'}, {'message': 'John', 'name': 'Hey guys!', 'timestamp': '2021-08-02 17:26:13.205307'}, {'message': 'scott', 'name': 'Test 2', 'timestamp': '2021-08-02 17:20:38.809618'}, {'message': 'scott', 'name': 'Test 1', 'timestamp': '2021-08-02 17:20:32.303538'}], 'Count': 7, 'ScannedCount': 7, 'ResponseMetadata': {'RequestId': '7AVLM3I641EEMROVM2CTC6AQIBVV4KQNSO5AEMVJF66Q9ASUAAJG', 'HTTPStatusCode': 200, 'HTTPHeaders': {'server': 'Server', 'date': 'Tue, 03 Aug 2021 15:25:17 GMT', 'content-type': 'application/x-amz-json-1.0', 'content-length': '717', 'connection': 'keep-alive', 'x-amzn-requestid': '7AVLM3I641EEMROVM2CTC6AQIBVV4KQNSO5AEMVJF66Q9ASUAAJG', 'x-amz-crc32': '1811974655'}, 'RetryAttempts': 0}}
2021-08-03 09:25:17,842 INFO werkzeug Thread-2 : 127.0.0.1 - - [03/Aug/2021 09:25:17] "GET /chat HTTP/1.1" 200 -
2021-08-03 09:25:17,886 INFO werkzeug Thread-3 : 127.0.0.1 - - [03/Aug/2021 09:25:17] "[36mGET /static/index.css HTTP/1.1[0m" 304 -
2021-08-03 09:25:34,990 INFO werkzeug Thread-4 : 127.0.0.1 - - [03/Aug/2021 09:25:34] "GET / HTTP/1.1" 200 -
2021-08-03 09:25:37,977 INFO werkzeug Thread-5 : 127.0.0.1 - - [03/Aug/2021 09:25:37] "[32mPOST / HTTP/1.1[0m" 302 -
2021-08-03 09:25:37,981 DEBUG boto3.resources.action Thread-6 : Calling dynamodb:scan with {'TableName': 'chatMessages'}
2021-08-03 09:25:37,981 DEBUG botocore.hooks Thread-6 : Event provide-client-params.dynamodb.Scan: calling handler <function copy_dynamodb_params at 0x7f82df92f670>
2021-08-03 09:25:37,982 DEBUG botocore.hooks Thread-6 : Event before-parameter-build.dynamodb.Scan: calling handler <bound method TransformationInjector.inject_condition_expressions of <boto3.dynamodb.transform.TransformationInjector object at 0x7f82df909910>>
2021-08-03 09:25:37,982 DEBUG botocore.hooks Thread-6 : Event before-parameter-build.dynamodb.Scan: calling handler <bound method TransformationInjector.inject_attribute_value_input of <boto3.dynamodb.transform.TransformationInjector object at 0x7f82df909910>>
2021-08-03 09:25:37,982 DEBUG botocore.hooks Thread-6 : Event before-parameter-build.dynamodb.Scan: calling handler <function generate_idempotent_uuid at 0x7f82debe9790>
2021-08-03 09:25:37,982 DEBUG botocore.hooks Thread-6 : Event before-parameter-build.dynamodb.Scan: calling handler <function block_endpoint_discovery_required_operations at 0x7f82deba7040>
2021-08-03 09:25:37,982 DEBUG botocore.hooks Thread-6 : Event before-call.dynamodb.Scan: calling handler <function inject_api_version_header_if_needed at 0x7f82debf1040>
2021-08-03 09:25:37,982 DEBUG botocore.endpoint Thread-6 : Making request for OperationModel(name=Scan) with params: {'url_path': '/', 'query_string': '', 'method': 'POST', 'headers': {'X-Amz-Target': 'DynamoDB_20120810.Scan', 'Content-Type': 'application/x-amz-json-1.0', 'User-Agent': 'Boto3/1.18.11 Python/3.8.0 Darwin/19.6.0 Botocore/1.21.11 Resource'}, 'body': b'{"TableName": "chatMessages"}', 'url': 'https://dynamodb.us-east-1.amazonaws.com/', 'context': {'client_region': 'us-east-1', 'client_config': <botocore.config.Config object at 0x7f82df86ce50>, 'has_streaming_input': False, 'auth_type': None}}
2021-08-03 09:25:37,982 DEBUG botocore.hooks Thread-6 : Event request-created.dynamodb.Scan: calling handler <bound method RequestSigner.handler of <botocore.signers.RequestSigner object at 0x7f82df86cc70>>
2021-08-03 09:25:37,983 DEBUG botocore.hooks Thread-6 : Event choose-signer.dynamodb.Scan: calling handler <function set_operation_specific_signer at 0x7f82debe9670>
2021-08-03 09:25:37,983 DEBUG botocore.auth Thread-6 : Calculating signature using v4 auth.
2021-08-03 09:25:37,983 DEBUG botocore.auth Thread-6 : CanonicalRequest:
POST
/

content-type:application/x-amz-json-1.0
host:dynamodb.us-east-1.amazonaws.com
x-amz-date:20210803T152537Z
x-amz-target:DynamoDB_20120810.Scan

content-type;host;x-amz-date;x-amz-target
d69fbfa6d79423ac3d08f7034a1a847436fbfb4cf619230b4742618647afad99
2021-08-03 09:25:37,983 DEBUG botocore.auth Thread-6 : StringToSign:
AWS4-HMAC-SHA256
20210803T152537Z
20210803/us-east-1/dynamodb/aws4_request
6d4c304a8a4a2b0de0b569f30db3dbd49f5ec336a7cc3c798d264d09edbb54b4
2021-08-03 09:25:37,983 DEBUG botocore.auth Thread-6 : Signature:
5b42e9278685ae6a3dbe515200e94fa97e86bcdfa512421331ce5e4938002755
2021-08-03 09:25:37,983 DEBUG botocore.endpoint Thread-6 : Sending http request: <AWSPreparedRequest stream_output=False, method=POST, url=https://dynamodb.us-east-1.amazonaws.com/, headers={'X-Amz-Target': b'DynamoDB_20120810.Scan', 'Content-Type': b'application/x-amz-json-1.0', 'User-Agent': b'Boto3/1.18.11 Python/3.8.0 Darwin/19.6.0 Botocore/1.21.11 Resource', 'X-Amz-Date': b'20210803T152537Z', 'Authorization': b'AWS4-HMAC-SHA256 Credential=AKIARM56JYRCU2OOB7XQ/20210803/us-east-1/dynamodb/aws4_request, SignedHeaders=content-type;host;x-amz-date;x-amz-target, Signature=5b42e9278685ae6a3dbe515200e94fa97e86bcdfa512421331ce5e4938002755', 'Content-Length': '29'}>
2021-08-03 09:25:37,984 DEBUG botocore.httpsession Thread-6 : Certificate path: /Users/srubey/PycharmProjects/testFlaskProject/env/lib/python3.8/site-packages/botocore/cacert.pem
2021-08-03 09:25:38,039 DEBUG urllib3.connectionpool Thread-6 : https://dynamodb.us-east-1.amazonaws.com:443 "POST / HTTP/1.1" 200 717
2021-08-03 09:25:38,040 DEBUG botocore.parsers Thread-6 : Response headers: {'Server': 'Server', 'Date': 'Tue, 03 Aug 2021 15:25:37 GMT', 'Content-Type': 'application/x-amz-json-1.0', 'Content-Length': '717', 'Connection': 'keep-alive', 'x-amzn-RequestId': '1S4INLSQLI9LBBT9C69K955MQVVV4KQNSO5AEMVJF66Q9ASUAAJG', 'x-amz-crc32': '1811974655'}
2021-08-03 09:25:38,040 DEBUG botocore.parsers Thread-6 : Response body:
b'{"Count":7,"Items":[{"message":{"S":"Harry"},"name":{"S":"Well hello there!"},"timestamp":{"S":"2021-08-02 17:23:42.051807"}},{"message":{"S":"scott"},"name":{"S":"Test 3"},"timestamp":{"S":"2021-08-02 17:20:44.651013"}},{"message":{"S":"scott"},"name":{"S":"Test 4"},"timestamp":{"S":"2021-08-02 17:20:51.808133"}},{"message":{"S":"Harry"},"name":{"S":"Goodbye"},"timestamp":{"S":"2021-08-02 17:23:48.870860"}},{"message":{"S":"John"},"name":{"S":"Hey guys!"},"timestamp":{"S":"2021-08-02 17:26:13.205307"}},{"message":{"S":"scott"},"name":{"S":"Test 2"},"timestamp":{"S":"2021-08-02 17:20:38.809618"}},{"message":{"S":"scott"},"name":{"S":"Test 1"},"timestamp":{"S":"2021-08-02 17:20:32.303538"}}],"ScannedCount":7}'
2021-08-03 09:25:38,041 DEBUG botocore.hooks Thread-6 : Event needs-retry.dynamodb.Scan: calling handler <botocore.retryhandler.RetryHandler object at 0x7f82df88f8e0>
2021-08-03 09:25:38,041 DEBUG botocore.retryhandler Thread-6 : No retry needed.
2021-08-03 09:25:38,041 DEBUG botocore.hooks Thread-6 : Event after-call.dynamodb.Scan: calling handler <bound method TransformationInjector.inject_attribute_value_output of <boto3.dynamodb.transform.TransformationInjector object at 0x7f82df909910>>
2021-08-03 09:25:38,041 DEBUG boto3.resources.action Thread-6 : Response: {'Items': [{'message': 'Harry', 'name': 'Well hello there!', 'timestamp': '2021-08-02 17:23:42.051807'}, {'message': 'scott', 'name': 'Test 3', 'timestamp': '2021-08-02 17:20:44.651013'}, {'message': 'scott', 'name': 'Test 4', 'timestamp': '2021-08-02 17:20:51.808133'}, {'message': 'Harry', 'name': 'Goodbye', 'timestamp': '2021-08-02 17:23:48.870860'}, {'message': 'John', 'name': 'Hey guys!', 'timestamp': '2021-08-02 17:26:13.205307'}, {'message': 'scott', 'name': 'Test 2', 'timestamp': '2021-08-02 17:20:38.809618'}, {'message': 'scott', 'name': 'Test 1', 'timestamp': '2021-08-02 17:20:32.303538'}], 'Count': 7, 'ScannedCount': 7, 'ResponseMetadata': {'RequestId': '1S4INLSQLI9LBBT9C69K955MQVVV4KQNSO5AEMVJF66Q9ASUAAJG', 'HTTPStatusCode': 200, 'HTTPHeaders': {'server': 'Server', 'date': 'Tue, 03 Aug 2021 15:25:37 GMT', 'content-type': 'application/x-amz-json-1.0', 'content-length': '717', 'connection': 'keep-alive', 'x-amzn-requestid': '1S4INLSQLI9LBBT9C69K955MQVVV4KQNSO5AEMVJF66Q9ASUAAJG', 'x-amz-crc32': '1811974655'}, 'RetryAttempts': 0}}
2021-08-03 09:25:38,042 INFO werkzeug Thread-6 : 127.0.0.1 - - [03/Aug/2021 09:25:38] "GET /chat HTTP/1.1" 200 -
2021-08-03 09:25:38,071 INFO werkzeug Thread-7 : 127.0.0.1 - - [03/Aug/2021 09:25:38] "[36mGET /static/index.css HTTP/1.1[0m" 304 -
2021-08-03 09:25:44,890 DEBUG boto3.resources.action Thread-8 : Calling dynamodb:put_item with {'TableName': 'chatMessages', 'Item': {'message': 'Eric', 'name': 'Chiming in here!\r\n', 'timestamp': '2021-08-03 09:25:44.890307'}}
2021-08-03 09:25:44,890 DEBUG botocore.hooks Thread-8 : Event provide-client-params.dynamodb.PutItem: calling handler <function copy_dynamodb_params at 0x7f82df92f670>
2021-08-03 09:25:44,891 DEBUG botocore.hooks Thread-8 : Event before-parameter-build.dynamodb.PutItem: calling handler <bound method TransformationInjector.inject_condition_expressions of <boto3.dynamodb.transform.TransformationInjector object at 0x7f82df909910>>
2021-08-03 09:25:44,891 DEBUG botocore.hooks Thread-8 : Event before-parameter-build.dynamodb.PutItem: calling handler <bound method TransformationInjector.inject_attribute_value_input of <boto3.dynamodb.transform.TransformationInjector object at 0x7f82df909910>>
2021-08-03 09:25:44,891 DEBUG botocore.hooks Thread-8 : Event before-parameter-build.dynamodb.PutItem: calling handler <function generate_idempotent_uuid at 0x7f82debe9790>
2021-08-03 09:25:44,891 DEBUG botocore.hooks Thread-8 : Event before-parameter-build.dynamodb.PutItem: calling handler <function block_endpoint_discovery_required_operations at 0x7f82deba7040>
2021-08-03 09:25:44,891 DEBUG botocore.hooks Thread-8 : Event before-call.dynamodb.PutItem: calling handler <function inject_api_version_header_if_needed at 0x7f82debf1040>
2021-08-03 09:25:44,892 DEBUG botocore.endpoint Thread-8 : Making request for OperationModel(name=PutItem) with params: {'url_path': '/', 'query_string': '', 'method': 'POST', 'headers': {'X-Amz-Target': 'DynamoDB_20120810.PutItem', 'Content-Type': 'application/x-amz-json-1.0', 'User-Agent': 'Boto3/1.18.11 Python/3.8.0 Darwin/19.6.0 Botocore/1.21.11 Resource'}, 'body': b'{"TableName": "chatMessages", "Item": {"message": {"S": "Eric"}, "name": {"S": "Chiming in here!\\r\\n"}, "timestamp": {"S": "2021-08-03 09:25:44.890307"}}}', 'url': 'https://dynamodb.us-east-1.amazonaws.com/', 'context': {'client_region': 'us-east-1', 'client_config': <botocore.config.Config object at 0x7f82df86ce50>, 'has_streaming_input': False, 'auth_type': None}}
2021-08-03 09:25:44,892 DEBUG botocore.hooks Thread-8 : Event request-created.dynamodb.PutItem: calling handler <bound method RequestSigner.handler of <botocore.signers.RequestSigner object at 0x7f82df86cc70>>
2021-08-03 09:25:44,892 DEBUG botocore.hooks Thread-8 : Event choose-signer.dynamodb.PutItem: calling handler <function set_operation_specific_signer at 0x7f82debe9670>
2021-08-03 09:25:44,892 DEBUG botocore.auth Thread-8 : Calculating signature using v4 auth.
2021-08-03 09:25:44,892 DEBUG botocore.auth Thread-8 : CanonicalRequest:
POST
/

content-type:application/x-amz-json-1.0
host:dynamodb.us-east-1.amazonaws.com
x-amz-date:20210803T152544Z
x-amz-target:DynamoDB_20120810.PutItem

content-type;host;x-amz-date;x-amz-target
70388e5bc25f70df2fdf56c3cc3992925b9157d5ebb644b05fe126d31330cd9d
2021-08-03 09:25:44,892 DEBUG botocore.auth Thread-8 : StringToSign:
AWS4-HMAC-SHA256
20210803T152544Z
20210803/us-east-1/dynamodb/aws4_request
3a532b3649a17b8cb38b6e28a2f731705dca6238e2fb4bef44d627cfe8a7ea78
2021-08-03 09:25:44,893 DEBUG botocore.auth Thread-8 : Signature:
18584037fadb7435c9e831f7f01f6c652fbc60af2db45bd4f0f9eb5a706e8d13
2021-08-03 09:25:44,893 DEBUG botocore.endpoint Thread-8 : Sending http request: <AWSPreparedRequest stream_output=False, method=POST, url=https://dynamodb.us-east-1.amazonaws.com/, headers={'X-Amz-Target': b'DynamoDB_20120810.PutItem', 'Content-Type': b'application/x-amz-json-1.0', 'User-Agent': b'Boto3/1.18.11 Python/3.8.0 Darwin/19.6.0 Botocore/1.21.11 Resource', 'X-Amz-Date': b'20210803T152544Z', 'Authorization': b'AWS4-HMAC-SHA256 Credential=AKIARM56JYRCU2OOB7XQ/20210803/us-east-1/dynamodb/aws4_request, SignedHeaders=content-type;host;x-amz-date;x-amz-target, Signature=18584037fadb7435c9e831f7f01f6c652fbc60af2db45bd4f0f9eb5a706e8d13', 'Content-Length': '154'}>
2021-08-03 09:25:44,893 DEBUG botocore.httpsession Thread-8 : Certificate path: /Users/srubey/PycharmProjects/testFlaskProject/env/lib/python3.8/site-packages/botocore/cacert.pem
2021-08-03 09:25:44,952 DEBUG urllib3.connectionpool Thread-8 : https://dynamodb.us-east-1.amazonaws.com:443 "POST / HTTP/1.1" 200 2
2021-08-03 09:25:44,952 DEBUG botocore.parsers Thread-8 : Response headers: {'Server': 'Server', 'Date': 'Tue, 03 Aug 2021 15:25:44 GMT', 'Content-Type': 'application/x-amz-json-1.0', 'Content-Length': '2', 'Connection': 'keep-alive', 'x-amzn-RequestId': 'NJ443TUQ01BJ860DL3JIHHOQ0VVV4KQNSO5AEMVJF66Q9ASUAAJG', 'x-amz-crc32': '2745614147'}
2021-08-03 09:25:44,953 DEBUG botocore.parsers Thread-8 : Response body:
b'{}'
2021-08-03 09:25:44,953 DEBUG botocore.hooks Thread-8 : Event needs-retry.dynamodb.PutItem: calling handler <botocore.retryhandler.RetryHandler object at 0x7f82df88f8e0>
2021-08-03 09:25:44,953 DEBUG botocore.retryhandler Thread-8 : No retry needed.
2021-08-03 09:25:44,953 DEBUG botocore.hooks Thread-8 : Event after-call.dynamodb.PutItem: calling handler <bound method TransformationInjector.inject_attribute_value_output of <boto3.dynamodb.transform.TransformationInjector object at 0x7f82df909910>>
2021-08-03 09:25:44,953 DEBUG boto3.resources.action Thread-8 : Response: {'ResponseMetadata': {'RequestId': 'NJ443TUQ01BJ860DL3JIHHOQ0VVV4KQNSO5AEMVJF66Q9ASUAAJG', 'HTTPStatusCode': 200, 'HTTPHeaders': {'server': 'Server', 'date': 'Tue, 03 Aug 2021 15:25:44 GMT', 'content-type': 'application/x-amz-json-1.0', 'content-length': '2', 'connection': 'keep-alive', 'x-amzn-requestid': 'NJ443TUQ01BJ860DL3JIHHOQ0VVV4KQNSO5AEMVJF66Q9ASUAAJG', 'x-amz-crc32': '2745614147'}, 'RetryAttempts': 0}}
2021-08-03 09:25:44,954 INFO werkzeug Thread-8 : 127.0.0.1 - - [03/Aug/2021 09:25:44] "[32mPOST /chat HTTP/1.1[0m" 302 -
2021-08-03 09:25:44,957 DEBUG boto3.resources.action Thread-9 : Calling dynamodb:scan with {'TableName': 'chatMessages'}
2021-08-03 09:25:44,957 DEBUG botocore.hooks Thread-9 : Event provide-client-params.dynamodb.Scan: calling handler <function copy_dynamodb_params at 0x7f82df92f670>
2021-08-03 09:25:44,957 DEBUG botocore.hooks Thread-9 : Event before-parameter-build.dynamodb.Scan: calling handler <bound method TransformationInjector.inject_condition_expressions of <boto3.dynamodb.transform.TransformationInjector object at 0x7f82df909910>>
2021-08-03 09:25:44,957 DEBUG botocore.hooks Thread-9 : Event before-parameter-build.dynamodb.Scan: calling handler <bound method TransformationInjector.inject_attribute_value_input of <boto3.dynamodb.transform.TransformationInjector object at 0x7f82df909910>>
2021-08-03 09:25:44,958 DEBUG botocore.hooks Thread-9 : Event before-parameter-build.dynamodb.Scan: calling handler <function generate_idempotent_uuid at 0x7f82debe9790>
2021-08-03 09:25:44,958 DEBUG botocore.hooks Thread-9 : Event before-parameter-build.dynamodb.Scan: calling handler <function block_endpoint_discovery_required_operations at 0x7f82deba7040>
2021-08-03 09:25:44,958 DEBUG botocore.hooks Thread-9 : Event before-call.dynamodb.Scan: calling handler <function inject_api_version_header_if_needed at 0x7f82debf1040>
2021-08-03 09:25:44,958 DEBUG botocore.endpoint Thread-9 : Making request for OperationModel(name=Scan) with params: {'url_path': '/', 'query_string': '', 'method': 'POST', 'headers': {'X-Amz-Target': 'DynamoDB_20120810.Scan', 'Content-Type': 'application/x-amz-json-1.0', 'User-Agent': 'Boto3/1.18.11 Python/3.8.0 Darwin/19.6.0 Botocore/1.21.11 Resource'}, 'body': b'{"TableName": "chatMessages"}', 'url': 'https://dynamodb.us-east-1.amazonaws.com/', 'context': {'client_region': 'us-east-1', 'client_config': <botocore.config.Config object at 0x7f82df86ce50>, 'has_streaming_input': False, 'auth_type': None}}
2021-08-03 09:25:44,958 DEBUG botocore.hooks Thread-9 : Event request-created.dynamodb.Scan: calling handler <bound method RequestSigner.handler of <botocore.signers.RequestSigner object at 0x7f82df86cc70>>
2021-08-03 09:25:44,958 DEBUG botocore.hooks Thread-9 : Event choose-signer.dynamodb.Scan: calling handler <function set_operation_specific_signer at 0x7f82debe9670>
2021-08-03 09:25:44,958 DEBUG botocore.auth Thread-9 : Calculating signature using v4 auth.
2021-08-03 09:25:44,958 DEBUG botocore.auth Thread-9 : CanonicalRequest:
POST
/

content-type:application/x-amz-json-1.0
host:dynamodb.us-east-1.amazonaws.com
x-amz-date:20210803T152544Z
x-amz-target:DynamoDB_20120810.Scan

content-type;host;x-amz-date;x-amz-target
d69fbfa6d79423ac3d08f7034a1a847436fbfb4cf619230b4742618647afad99
2021-08-03 09:25:44,959 DEBUG botocore.auth Thread-9 : StringToSign:
AWS4-HMAC-SHA256
20210803T152544Z
20210803/us-east-1/dynamodb/aws4_request
d14586af2810baf9a88f20a7afcbd474594821be683630a8eee60d72c1b7b5b7
2021-08-03 09:25:44,959 DEBUG botocore.auth Thread-9 : Signature:
ab775d7128689c966f0fccb479a87fc8f3f05e030b549985c7656bfc3e24d720
2021-08-03 09:25:44,959 DEBUG botocore.endpoint Thread-9 : Sending http request: <AWSPreparedRequest stream_output=False, method=POST, url=https://dynamodb.us-east-1.amazonaws.com/, headers={'X-Amz-Target': b'DynamoDB_20120810.Scan', 'Content-Type': b'application/x-amz-json-1.0', 'User-Agent': b'Boto3/1.18.11 Python/3.8.0 Darwin/19.6.0 Botocore/1.21.11 Resource', 'X-Amz-Date': b'20210803T152544Z', 'Authorization': b'AWS4-HMAC-SHA256 Credential=AKIARM56JYRCU2OOB7XQ/20210803/us-east-1/dynamodb/aws4_request, SignedHeaders=content-type;host;x-amz-date;x-amz-target, Signature=ab775d7128689c966f0fccb479a87fc8f3f05e030b549985c7656bfc3e24d720', 'Content-Length': '29'}>
2021-08-03 09:25:44,959 DEBUG botocore.httpsession Thread-9 : Certificate path: /Users/srubey/PycharmProjects/testFlaskProject/env/lib/python3.8/site-packages/botocore/cacert.pem
2021-08-03 09:25:45,019 DEBUG urllib3.connectionpool Thread-9 : https://dynamodb.us-east-1.amazonaws.com:443 "POST / HTTP/1.1" 200 825
2021-08-03 09:25:45,019 DEBUG botocore.parsers Thread-9 : Response headers: {'Server': 'Server', 'Date': 'Tue, 03 Aug 2021 15:25:44 GMT', 'Content-Type': 'application/x-amz-json-1.0', 'Content-Length': '825', 'Connection': 'keep-alive', 'x-amzn-RequestId': 'RTMDUN8HN7ST033FML6V214BO3VV4KQNSO5AEMVJF66Q9ASUAAJG', 'x-amz-crc32': '1318325638'}
2021-08-03 09:25:45,019 DEBUG botocore.parsers Thread-9 : Response body:
b'{"Count":8,"Items":[{"message":{"S":"Eric"},"name":{"S":"Chiming in here!\\r\\n"},"timestamp":{"S":"2021-08-03 09:25:44.890307"}},{"message":{"S":"Harry"},"name":{"S":"Well hello there!"},"timestamp":{"S":"2021-08-02 17:23:42.051807"}},{"message":{"S":"scott"},"name":{"S":"Test 3"},"timestamp":{"S":"2021-08-02 17:20:44.651013"}},{"message":{"S":"scott"},"name":{"S":"Test 4"},"timestamp":{"S":"2021-08-02 17:20:51.808133"}},{"message":{"S":"Harry"},"name":{"S":"Goodbye"},"timestamp":{"S":"2021-08-02 17:23:48.870860"}},{"message":{"S":"John"},"name":{"S":"Hey guys!"},"timestamp":{"S":"2021-08-02 17:26:13.205307"}},{"message":{"S":"scott"},"name":{"S":"Test 2"},"timestamp":{"S":"2021-08-02 17:20:38.809618"}},{"message":{"S":"scott"},"name":{"S":"Test 1"},"timestamp":{"S":"2021-08-02 17:20:32.303538"}}],"ScannedCount":8}'
2021-08-03 09:25:45,020 DEBUG botocore.hooks Thread-9 : Event needs-retry.dynamodb.Scan: calling handler <botocore.retryhandler.RetryHandler object at 0x7f82df88f8e0>
2021-08-03 09:25:45,020 DEBUG botocore.retryhandler Thread-9 : No retry needed.
2021-08-03 09:25:45,020 DEBUG botocore.hooks Thread-9 : Event after-call.dynamodb.Scan: calling handler <bound method TransformationInjector.inject_attribute_value_output of <boto3.dynamodb.transform.TransformationInjector object at 0x7f82df909910>>
2021-08-03 09:25:45,020 DEBUG boto3.resources.action Thread-9 : Response: {'Items': [{'message': 'Eric', 'name': 'Chiming in here!\r\n', 'timestamp': '2021-08-03 09:25:44.890307'}, {'message': 'Harry', 'name': 'Well hello there!', 'timestamp': '2021-08-02 17:23:42.051807'}, {'message': 'scott', 'name': 'Test 3', 'timestamp': '2021-08-02 17:20:44.651013'}, {'message': 'scott', 'name': 'Test 4', 'timestamp': '2021-08-02 17:20:51.808133'}, {'message': 'Harry', 'name': 'Goodbye', 'timestamp': '2021-08-02 17:23:48.870860'}, {'message': 'John', 'name': 'Hey guys!', 'timestamp': '2021-08-02 17:26:13.205307'}, {'message': 'scott', 'name': 'Test 2', 'timestamp': '2021-08-02 17:20:38.809618'}, {'message': 'scott', 'name': 'Test 1', 'timestamp': '2021-08-02 17:20:32.303538'}], 'Count': 8, 'ScannedCount': 8, 'ResponseMetadata': {'RequestId': 'RTMDUN8HN7ST033FML6V214BO3VV4KQNSO5AEMVJF66Q9ASUAAJG', 'HTTPStatusCode': 200, 'HTTPHeaders': {'server': 'Server', 'date': 'Tue, 03 Aug 2021 15:25:44 GMT', 'content-type': 'application/x-amz-json-1.0', 'content-length': '825', 'connection': 'keep-alive', 'x-amzn-requestid': 'RTMDUN8HN7ST033FML6V214BO3VV4KQNSO5AEMVJF66Q9ASUAAJG', 'x-amz-crc32': '1318325638'}, 'RetryAttempts': 0}}
2021-08-03 09:25:45,021 INFO werkzeug Thread-9 : 127.0.0.1 - - [03/Aug/2021 09:25:45] "GET /chat HTTP/1.1" 200 -
2021-08-03 09:25:45,049 INFO werkzeug Thread-10 : 127.0.0.1 - - [03/Aug/2021 09:25:45] "[36mGET /static/index.css HTTP/1.1[0m" 304 -
2021-08-03 09:25:51,874 DEBUG boto3.resources.action Thread-11 : Calling dynamodb:put_item with {'TableName': 'chatMessages', 'Item': {'message': 'Eric', 'name': 'Whatdya think?', 'timestamp': '2021-08-03 09:25:51.874411'}}
2021-08-03 09:25:51,874 DEBUG botocore.hooks Thread-11 : Event provide-client-params.dynamodb.PutItem: calling handler <function copy_dynamodb_params at 0x7f82df92f670>
2021-08-03 09:25:51,875 DEBUG botocore.hooks Thread-11 : Event before-parameter-build.dynamodb.PutItem: calling handler <bound method TransformationInjector.inject_condition_expressions of <boto3.dynamodb.transform.TransformationInjector object at 0x7f82df909910>>
2021-08-03 09:25:51,875 DEBUG botocore.hooks Thread-11 : Event before-parameter-build.dynamodb.PutItem: calling handler <bound method TransformationInjector.inject_attribute_value_input of <boto3.dynamodb.transform.TransformationInjector object at 0x7f82df909910>>
2021-08-03 09:25:51,875 DEBUG botocore.hooks Thread-11 : Event before-parameter-build.dynamodb.PutItem: calling handler <function generate_idempotent_uuid at 0x7f82debe9790>
2021-08-03 09:25:51,875 DEBUG botocore.hooks Thread-11 : Event before-parameter-build.dynamodb.PutItem: calling handler <function block_endpoint_discovery_required_operations at 0x7f82deba7040>
2021-08-03 09:25:51,875 DEBUG botocore.hooks Thread-11 : Event before-call.dynamodb.PutItem: calling handler <function inject_api_version_header_if_needed at 0x7f82debf1040>
2021-08-03 09:25:51,875 DEBUG botocore.endpoint Thread-11 : Making request for OperationModel(name=PutItem) with params: {'url_path': '/', 'query_string': '', 'method': 'POST', 'headers': {'X-Amz-Target': 'DynamoDB_20120810.PutItem', 'Content-Type': 'application/x-amz-json-1.0', 'User-Agent': 'Boto3/1.18.11 Python/3.8.0 Darwin/19.6.0 Botocore/1.21.11 Resource'}, 'body': b'{"TableName": "chatMessages", "Item": {"message": {"S": "Eric"}, "name": {"S": "Whatdya think?"}, "timestamp": {"S": "2021-08-03 09:25:51.874411"}}}', 'url': 'https://dynamodb.us-east-1.amazonaws.com/', 'context': {'client_region': 'us-east-1', 'client_config': <botocore.config.Config object at 0x7f82df86ce50>, 'has_streaming_input': False, 'auth_type': None}}
2021-08-03 09:25:51,875 DEBUG botocore.hooks Thread-11 : Event request-created.dynamodb.PutItem: calling handler <bound method RequestSigner.handler of <botocore.signers.RequestSigner object at 0x7f82df86cc70>>
2021-08-03 09:25:51,876 DEBUG botocore.hooks Thread-11 : Event choose-signer.dynamodb.PutItem: calling handler <function set_operation_specific_signer at 0x7f82debe9670>
2021-08-03 09:25:51,876 DEBUG botocore.auth Thread-11 : Calculating signature using v4 auth.
2021-08-03 09:25:51,876 DEBUG botocore.auth Thread-11 : CanonicalRequest:
POST
/

content-type:application/x-amz-json-1.0
host:dynamodb.us-east-1.amazonaws.com
x-amz-date:20210803T152551Z
x-amz-target:DynamoDB_20120810.PutItem

content-type;host;x-amz-date;x-amz-target
ad6dc23f501ee6be0f206c3bf8f78633d093fcc7590fb92370a12d036b2a88f2
2021-08-03 09:25:51,876 DEBUG botocore.auth Thread-11 : StringToSign:
AWS4-HMAC-SHA256
20210803T152551Z
20210803/us-east-1/dynamodb/aws4_request
53d8e8597fabd0a0e747c2cc2d2bfe7395f024a84a3033add8b0725d01a40dfb
2021-08-03 09:25:51,876 DEBUG botocore.auth Thread-11 : Signature:
c7b4e59a6ed7ec04c0d49794fcbba3364db1697ab92bf6c4540022879e1adb05
2021-08-03 09:25:51,877 DEBUG botocore.endpoint Thread-11 : Sending http request: <AWSPreparedRequest stream_output=False, method=POST, url=https://dynamodb.us-east-1.amazonaws.com/, headers={'X-Amz-Target': b'DynamoDB_20120810.PutItem', 'Content-Type': b'application/x-amz-json-1.0', 'User-Agent': b'Boto3/1.18.11 Python/3.8.0 Darwin/19.6.0 Botocore/1.21.11 Resource', 'X-Amz-Date': b'20210803T152551Z', 'Authorization': b'AWS4-HMAC-SHA256 Credential=AKIARM56JYRCU2OOB7XQ/20210803/us-east-1/dynamodb/aws4_request, SignedHeaders=content-type;host;x-amz-date;x-amz-target, Signature=c7b4e59a6ed7ec04c0d49794fcbba3364db1697ab92bf6c4540022879e1adb05', 'Content-Length': '148'}>
2021-08-03 09:25:51,877 DEBUG botocore.httpsession Thread-11 : Certificate path: /Users/srubey/PycharmProjects/testFlaskProject/env/lib/python3.8/site-packages/botocore/cacert.pem
2021-08-03 09:25:51,935 DEBUG urllib3.connectionpool Thread-11 : https://dynamodb.us-east-1.amazonaws.com:443 "POST / HTTP/1.1" 200 2
2021-08-03 09:25:51,936 DEBUG botocore.parsers Thread-11 : Response headers: {'Server': 'Server', 'Date': 'Tue, 03 Aug 2021 15:25:51 GMT', 'Content-Type': 'application/x-amz-json-1.0', 'Content-Length': '2', 'Connection': 'keep-alive', 'x-amzn-RequestId': 'A475JD3KB26TGEVQDM3SHJR5TNVV4KQNSO5AEMVJF66Q9ASUAAJG', 'x-amz-crc32': '2745614147'}
2021-08-03 09:25:51,936 DEBUG botocore.parsers Thread-11 : Response body:
b'{}'
2021-08-03 09:25:51,937 DEBUG botocore.hooks Thread-11 : Event needs-retry.dynamodb.PutItem: calling handler <botocore.retryhandler.RetryHandler object at 0x7f82df88f8e0>
2021-08-03 09:25:51,937 DEBUG botocore.retryhandler Thread-11 : No retry needed.
2021-08-03 09:25:51,937 DEBUG botocore.hooks Thread-11 : Event after-call.dynamodb.PutItem: calling handler <bound method TransformationInjector.inject_attribute_value_output of <boto3.dynamodb.transform.TransformationInjector object at 0x7f82df909910>>
2021-08-03 09:25:51,937 DEBUG boto3.resources.action Thread-11 : Response: {'ResponseMetadata': {'RequestId': 'A475JD3KB26TGEVQDM3SHJR5TNVV4KQNSO5AEMVJF66Q9ASUAAJG', 'HTTPStatusCode': 200, 'HTTPHeaders': {'server': 'Server', 'date': 'Tue, 03 Aug 2021 15:25:51 GMT', 'content-type': 'application/x-amz-json-1.0', 'content-length': '2', 'connection': 'keep-alive', 'x-amzn-requestid': 'A475JD3KB26TGEVQDM3SHJR5TNVV4KQNSO5AEMVJF66Q9ASUAAJG', 'x-amz-crc32': '2745614147'}, 'RetryAttempts': 0}}
2021-08-03 09:25:51,938 INFO werkzeug Thread-11 : 127.0.0.1 - - [03/Aug/2021 09:25:51] "[32mPOST /chat HTTP/1.1[0m" 302 -
2021-08-03 09:25:51,942 DEBUG boto3.resources.action Thread-12 : Calling dynamodb:scan with {'TableName': 'chatMessages'}
2021-08-03 09:25:51,942 DEBUG botocore.hooks Thread-12 : Event provide-client-params.dynamodb.Scan: calling handler <function copy_dynamodb_params at 0x7f82df92f670>
2021-08-03 09:25:51,942 DEBUG botocore.hooks Thread-12 : Event before-parameter-build.dynamodb.Scan: calling handler <bound method TransformationInjector.inject_condition_expressions of <boto3.dynamodb.transform.TransformationInjector object at 0x7f82df909910>>
2021-08-03 09:25:51,942 DEBUG botocore.hooks Thread-12 : Event before-parameter-build.dynamodb.Scan: calling handler <bound method TransformationInjector.inject_attribute_value_input of <boto3.dynamodb.transform.TransformationInjector object at 0x7f82df909910>>
2021-08-03 09:25:51,942 DEBUG botocore.hooks Thread-12 : Event before-parameter-build.dynamodb.Scan: calling handler <function generate_idempotent_uuid at 0x7f82debe9790>
2021-08-03 09:25:51,942 DEBUG botocore.hooks Thread-12 : Event before-parameter-build.dynamodb.Scan: calling handler <function block_endpoint_discovery_required_operations at 0x7f82deba7040>
2021-08-03 09:25:51,943 DEBUG botocore.hooks Thread-12 : Event before-call.dynamodb.Scan: calling handler <function inject_api_version_header_if_needed at 0x7f82debf1040>
2021-08-03 09:25:51,943 DEBUG botocore.endpoint Thread-12 : Making request for OperationModel(name=Scan) with params: {'url_path': '/', 'query_string': '', 'method': 'POST', 'headers': {'X-Amz-Target': 'DynamoDB_20120810.Scan', 'Content-Type': 'application/x-amz-json-1.0', 'User-Agent': 'Boto3/1.18.11 Python/3.8.0 Darwin/19.6.0 Botocore/1.21.11 Resource'}, 'body': b'{"TableName": "chatMessages"}', 'url': 'https://dynamodb.us-east-1.amazonaws.com/', 'context': {'client_region': 'us-east-1', 'client_config': <botocore.config.Config object at 0x7f82df86ce50>, 'has_streaming_input': False, 'auth_type': None}}
2021-08-03 09:25:51,943 DEBUG botocore.hooks Thread-12 : Event request-created.dynamodb.Scan: calling handler <bound method RequestSigner.handler of <botocore.signers.RequestSigner object at 0x7f82df86cc70>>
2021-08-03 09:25:51,943 DEBUG botocore.hooks Thread-12 : Event choose-signer.dynamodb.Scan: calling handler <function set_operation_specific_signer at 0x7f82debe9670>
2021-08-03 09:25:51,943 DEBUG botocore.auth Thread-12 : Calculating signature using v4 auth.
2021-08-03 09:25:51,943 DEBUG botocore.auth Thread-12 : CanonicalRequest:
POST
/

content-type:application/x-amz-json-1.0
host:dynamodb.us-east-1.amazonaws.com
x-amz-date:20210803T152551Z
x-amz-target:DynamoDB_20120810.Scan

content-type;host;x-amz-date;x-amz-target
d69fbfa6d79423ac3d08f7034a1a847436fbfb4cf619230b4742618647afad99
2021-08-03 09:25:51,944 DEBUG botocore.auth Thread-12 : StringToSign:
AWS4-HMAC-SHA256
20210803T152551Z
20210803/us-east-1/dynamodb/aws4_request
d8d790ba5b1d80a8a7c1a5b428d5053b20963c1559aab5761d261e1be2cbf71b
2021-08-03 09:25:51,944 DEBUG botocore.auth Thread-12 : Signature:
36418a403ca4bc4a7dfd7b0dc453e6096cc0d6afc6419bcb4894819177bf9316
2021-08-03 09:25:51,944 DEBUG botocore.endpoint Thread-12 : Sending http request: <AWSPreparedRequest stream_output=False, method=POST, url=https://dynamodb.us-east-1.amazonaws.com/, headers={'X-Amz-Target': b'DynamoDB_20120810.Scan', 'Content-Type': b'application/x-amz-json-1.0', 'User-Agent': b'Boto3/1.18.11 Python/3.8.0 Darwin/19.6.0 Botocore/1.21.11 Resource', 'X-Amz-Date': b'20210803T152551Z', 'Authorization': b'AWS4-HMAC-SHA256 Credential=AKIARM56JYRCU2OOB7XQ/20210803/us-east-1/dynamodb/aws4_request, SignedHeaders=content-type;host;x-amz-date;x-amz-target, Signature=36418a403ca4bc4a7dfd7b0dc453e6096cc0d6afc6419bcb4894819177bf9316', 'Content-Length': '29'}>
2021-08-03 09:25:51,944 DEBUG botocore.httpsession Thread-12 : Certificate path: /Users/srubey/PycharmProjects/testFlaskProject/env/lib/python3.8/site-packages/botocore/cacert.pem
2021-08-03 09:25:51,998 DEBUG urllib3.connectionpool Thread-12 : https://dynamodb.us-east-1.amazonaws.com:443 "POST / HTTP/1.1" 200 927
2021-08-03 09:25:51,998 DEBUG botocore.parsers Thread-12 : Response headers: {'Server': 'Server', 'Date': 'Tue, 03 Aug 2021 15:25:51 GMT', 'Content-Type': 'application/x-amz-json-1.0', 'Content-Length': '927', 'Connection': 'keep-alive', 'x-amzn-RequestId': '73FRU2H645APC6049PLLCPN9KRVV4KQNSO5AEMVJF66Q9ASUAAJG', 'x-amz-crc32': '3801247923'}
2021-08-03 09:25:51,999 DEBUG botocore.parsers Thread-12 : Response body:
b'{"Count":9,"Items":[{"message":{"S":"Eric"},"name":{"S":"Chiming in here!\\r\\n"},"timestamp":{"S":"2021-08-03 09:25:44.890307"}},{"message":{"S":"Harry"},"name":{"S":"Well hello there!"},"timestamp":{"S":"2021-08-02 17:23:42.051807"}},{"message":{"S":"scott"},"name":{"S":"Test 3"},"timestamp":{"S":"2021-08-02 17:20:44.651013"}},{"message":{"S":"Eric"},"name":{"S":"Whatdya think?"},"timestamp":{"S":"2021-08-03 09:25:51.874411"}},{"message":{"S":"scott"},"name":{"S":"Test 4"},"timestamp":{"S":"2021-08-02 17:20:51.808133"}},{"message":{"S":"Harry"},"name":{"S":"Goodbye"},"timestamp":{"S":"2021-08-02 17:23:48.870860"}},{"message":{"S":"John"},"name":{"S":"Hey guys!"},"timestamp":{"S":"2021-08-02 17:26:13.205307"}},{"message":{"S":"scott"},"name":{"S":"Test 2"},"timestamp":{"S":"2021-08-02 17:20:38.809618"}},{"message":{"S":"scott"},"name":{"S":"Test 1"},"timestamp":{"S":"2021-08-02 17:20:32.303538"}}],"ScannedCount":9}'
2021-08-03 09:25:51,999 DEBUG botocore.hooks Thread-12 : Event needs-retry.dynamodb.Scan: calling handler <botocore.retryhandler.RetryHandler object at 0x7f82df88f8e0>
2021-08-03 09:25:52,000 DEBUG botocore.retryhandler Thread-12 : No retry needed.
2021-08-03 09:25:52,000 DEBUG botocore.hooks Thread-12 : Event after-call.dynamodb.Scan: calling handler <bound method TransformationInjector.inject_attribute_value_output of <boto3.dynamodb.transform.TransformationInjector object at 0x7f82df909910>>
2021-08-03 09:25:52,000 DEBUG boto3.resources.action Thread-12 : Response: {'Items': [{'message': 'Eric', 'name': 'Chiming in here!\r\n', 'timestamp': '2021-08-03 09:25:44.890307'}, {'message': 'Harry', 'name': 'Well hello there!', 'timestamp': '2021-08-02 17:23:42.051807'}, {'message': 'scott', 'name': 'Test 3', 'timestamp': '2021-08-02 17:20:44.651013'}, {'message': 'Eric', 'name': 'Whatdya think?', 'timestamp': '2021-08-03 09:25:51.874411'}, {'message': 'scott', 'name': 'Test 4', 'timestamp': '2021-08-02 17:20:51.808133'}, {'message': 'Harry', 'name': 'Goodbye', 'timestamp': '2021-08-02 17:23:48.870860'}, {'message': 'John', 'name': 'Hey guys!', 'timestamp': '2021-08-02 17:26:13.205307'}, {'message': 'scott', 'name': 'Test 2', 'timestamp': '2021-08-02 17:20:38.809618'}, {'message': 'scott', 'name': 'Test 1', 'timestamp': '2021-08-02 17:20:32.303538'}], 'Count': 9, 'ScannedCount': 9, 'ResponseMetadata': {'RequestId': '73FRU2H645APC6049PLLCPN9KRVV4KQNSO5AEMVJF66Q9ASUAAJG', 'HTTPStatusCode': 200, 'HTTPHeaders': {'server': 'Server', 'date': 'Tue, 03 Aug 2021 15:25:51 GMT', 'content-type': 'application/x-amz-json-1.0', 'content-length': '927', 'connection': 'keep-alive', 'x-amzn-requestid': '73FRU2H645APC6049PLLCPN9KRVV4KQNSO5AEMVJF66Q9ASUAAJG', 'x-amz-crc32': '3801247923'}, 'RetryAttempts': 0}}
2021-08-03 09:25:52,001 INFO werkzeug Thread-12 : 127.0.0.1 - - [03/Aug/2021 09:25:52] "GET /chat HTTP/1.1" 200 -
2021-08-03 09:25:52,029 INFO werkzeug Thread-13 : 127.0.0.1 - - [03/Aug/2021 09:25:52] "[36mGET /static/index.css HTTP/1.1[0m" 304 -
2021-08-03 09:25:59,961 DEBUG boto3.resources.action Thread-14 : Calling dynamodb:put_item with {'TableName': 'chatMessages', 'Item': {'message': 'Eric', 'name': 'Oh yeah, seems to be working now...', 'timestamp': '2021-08-03 09:25:59.961614'}}
2021-08-03 09:25:59,961 DEBUG botocore.hooks Thread-14 : Event provide-client-params.dynamodb.PutItem: calling handler <function copy_dynamodb_params at 0x7f82df92f670>
2021-08-03 09:25:59,962 DEBUG botocore.hooks Thread-14 : Event before-parameter-build.dynamodb.PutItem: calling handler <bound method TransformationInjector.inject_condition_expressions of <boto3.dynamodb.transform.TransformationInjector object at 0x7f82df909910>>
2021-08-03 09:25:59,962 DEBUG botocore.hooks Thread-14 : Event before-parameter-build.dynamodb.PutItem: calling handler <bound method TransformationInjector.inject_attribute_value_input of <boto3.dynamodb.transform.TransformationInjector object at 0x7f82df909910>>
2021-08-03 09:25:59,962 DEBUG botocore.hooks Thread-14 : Event before-parameter-build.dynamodb.PutItem: calling handler <function generate_idempotent_uuid at 0x7f82debe9790>
2021-08-03 09:25:59,962 DEBUG botocore.hooks Thread-14 : Event before-parameter-build.dynamodb.PutItem: calling handler <function block_endpoint_discovery_required_operations at 0x7f82deba7040>
2021-08-03 09:25:59,962 DEBUG botocore.hooks Thread-14 : Event before-call.dynamodb.PutItem: calling handler <function inject_api_version_header_if_needed at 0x7f82debf1040>
2021-08-03 09:25:59,962 DEBUG botocore.endpoint Thread-14 : Making request for OperationModel(name=PutItem) with params: {'url_path': '/', 'query_string': '', 'method': 'POST', 'headers': {'X-Amz-Target': 'DynamoDB_20120810.PutItem', 'Content-Type': 'application/x-amz-json-1.0', 'User-Agent': 'Boto3/1.18.11 Python/3.8.0 Darwin/19.6.0 Botocore/1.21.11 Resource'}, 'body': b'{"TableName": "chatMessages", "Item": {"message": {"S": "Eric"}, "name": {"S": "Oh yeah, seems to be working now..."}, "timestamp": {"S": "2021-08-03 09:25:59.961614"}}}', 'url': 'https://dynamodb.us-east-1.amazonaws.com/', 'context': {'client_region': 'us-east-1', 'client_config': <botocore.config.Config object at 0x7f82df86ce50>, 'has_streaming_input': False, 'auth_type': None}}
2021-08-03 09:25:59,963 DEBUG botocore.hooks Thread-14 : Event request-created.dynamodb.PutItem: calling handler <bound method RequestSigner.handler of <botocore.signers.RequestSigner object at 0x7f82df86cc70>>
2021-08-03 09:25:59,963 DEBUG botocore.hooks Thread-14 : Event choose-signer.dynamodb.PutItem: calling handler <function set_operation_specific_signer at 0x7f82debe9670>
2021-08-03 09:25:59,963 DEBUG botocore.auth Thread-14 : Calculating signature using v4 auth.
2021-08-03 09:25:59,963 DEBUG botocore.auth Thread-14 : CanonicalRequest:
POST
/

content-type:application/x-amz-json-1.0
host:dynamodb.us-east-1.amazonaws.com
x-amz-date:20210803T152559Z
x-amz-target:DynamoDB_20120810.PutItem

content-type;host;x-amz-date;x-amz-target
04f60edf36d5eb03c0837362a0de8a96eabf444f99db93f556f41547f668017d
2021-08-03 09:25:59,963 DEBUG botocore.auth Thread-14 : StringToSign:
AWS4-HMAC-SHA256
20210803T152559Z
20210803/us-east-1/dynamodb/aws4_request
03a2e07535c207d125f1c1a6be347b3352cc3adf13331e771267962a9401f78d
2021-08-03 09:25:59,963 DEBUG botocore.auth Thread-14 : Signature:
a0db3a20dd9a6b9f87039f2a82fef9c216508ea360073c38969ff09d68ba93e0
2021-08-03 09:25:59,963 DEBUG botocore.endpoint Thread-14 : Sending http request: <AWSPreparedRequest stream_output=False, method=POST, url=https://dynamodb.us-east-1.amazonaws.com/, headers={'X-Amz-Target': b'DynamoDB_20120810.PutItem', 'Content-Type': b'application/x-amz-json-1.0', 'User-Agent': b'Boto3/1.18.11 Python/3.8.0 Darwin/19.6.0 Botocore/1.21.11 Resource', 'X-Amz-Date': b'20210803T152559Z', 'Authorization': b'AWS4-HMAC-SHA256 Credential=AKIARM56JYRCU2OOB7XQ/20210803/us-east-1/dynamodb/aws4_request, SignedHeaders=content-type;host;x-amz-date;x-amz-target, Signature=a0db3a20dd9a6b9f87039f2a82fef9c216508ea360073c38969ff09d68ba93e0', 'Content-Length': '169'}>
2021-08-03 09:25:59,964 DEBUG botocore.httpsession Thread-14 : Certificate path: /Users/srubey/PycharmProjects/testFlaskProject/env/lib/python3.8/site-packages/botocore/cacert.pem
2021-08-03 09:26:00,031 DEBUG urllib3.connectionpool Thread-14 : https://dynamodb.us-east-1.amazonaws.com:443 "POST / HTTP/1.1" 200 2
2021-08-03 09:26:00,031 DEBUG botocore.parsers Thread-14 : Response headers: {'Server': 'Server', 'Date': 'Tue, 03 Aug 2021 15:25:59 GMT', 'Content-Type': 'application/x-amz-json-1.0', 'Content-Length': '2', 'Connection': 'keep-alive', 'x-amzn-RequestId': '73IT9231M2NMNHBVDDJMDUUB63VV4KQNSO5AEMVJF66Q9ASUAAJG', 'x-amz-crc32': '2745614147'}
2021-08-03 09:26:00,031 DEBUG botocore.parsers Thread-14 : Response body:
b'{}'
2021-08-03 09:26:00,032 DEBUG botocore.hooks Thread-14 : Event needs-retry.dynamodb.PutItem: calling handler <botocore.retryhandler.RetryHandler object at 0x7f82df88f8e0>
2021-08-03 09:26:00,032 DEBUG botocore.retryhandler Thread-14 : No retry needed.
2021-08-03 09:26:00,032 DEBUG botocore.hooks Thread-14 : Event after-call.dynamodb.PutItem: calling handler <bound method TransformationInjector.inject_attribute_value_output of <boto3.dynamodb.transform.TransformationInjector object at 0x7f82df909910>>
2021-08-03 09:26:00,033 DEBUG boto3.resources.action Thread-14 : Response: {'ResponseMetadata': {'RequestId': '73IT9231M2NMNHBVDDJMDUUB63VV4KQNSO5AEMVJF66Q9ASUAAJG', 'HTTPStatusCode': 200, 'HTTPHeaders': {'server': 'Server', 'date': 'Tue, 03 Aug 2021 15:25:59 GMT', 'content-type': 'application/x-amz-json-1.0', 'content-length': '2', 'connection': 'keep-alive', 'x-amzn-requestid': '73IT9231M2NMNHBVDDJMDUUB63VV4KQNSO5AEMVJF66Q9ASUAAJG', 'x-amz-crc32': '2745614147'}, 'RetryAttempts': 0}}
2021-08-03 09:26:00,034 INFO werkzeug Thread-14 : 127.0.0.1 - - [03/Aug/2021 09:26:00] "[32mPOST /chat HTTP/1.1[0m" 302 -
2021-08-03 09:26:00,038 DEBUG boto3.resources.action Thread-15 : Calling dynamodb:scan with {'TableName': 'chatMessages'}
2021-08-03 09:26:00,038 DEBUG botocore.hooks Thread-15 : Event provide-client-params.dynamodb.Scan: calling handler <function copy_dynamodb_params at 0x7f82df92f670>
2021-08-03 09:26:00,038 DEBUG botocore.hooks Thread-15 : Event before-parameter-build.dynamodb.Scan: calling handler <bound method TransformationInjector.inject_condition_expressions of <boto3.dynamodb.transform.TransformationInjector object at 0x7f82df909910>>
2021-08-03 09:26:00,038 DEBUG botocore.hooks Thread-15 : Event before-parameter-build.dynamodb.Scan: calling handler <bound method TransformationInjector.inject_attribute_value_input of <boto3.dynamodb.transform.TransformationInjector object at 0x7f82df909910>>
2021-08-03 09:26:00,039 DEBUG botocore.hooks Thread-15 : Event before-parameter-build.dynamodb.Scan: calling handler <function generate_idempotent_uuid at 0x7f82debe9790>
2021-08-03 09:26:00,039 DEBUG botocore.hooks Thread-15 : Event before-parameter-build.dynamodb.Scan: calling handler <function block_endpoint_discovery_required_operations at 0x7f82deba7040>
2021-08-03 09:26:00,039 DEBUG botocore.hooks Thread-15 : Event before-call.dynamodb.Scan: calling handler <function inject_api_version_header_if_needed at 0x7f82debf1040>
2021-08-03 09:26:00,039 DEBUG botocore.endpoint Thread-15 : Making request for OperationModel(name=Scan) with params: {'url_path': '/', 'query_string': '', 'method': 'POST', 'headers': {'X-Amz-Target': 'DynamoDB_20120810.Scan', 'Content-Type': 'application/x-amz-json-1.0', 'User-Agent': 'Boto3/1.18.11 Python/3.8.0 Darwin/19.6.0 Botocore/1.21.11 Resource'}, 'body': b'{"TableName": "chatMessages"}', 'url': 'https://dynamodb.us-east-1.amazonaws.com/', 'context': {'client_region': 'us-east-1', 'client_config': <botocore.config.Config object at 0x7f82df86ce50>, 'has_streaming_input': False, 'auth_type': None}}
2021-08-03 09:26:00,039 DEBUG botocore.hooks Thread-15 : Event request-created.dynamodb.Scan: calling handler <bound method RequestSigner.handler of <botocore.signers.RequestSigner object at 0x7f82df86cc70>>
2021-08-03 09:26:00,039 DEBUG botocore.hooks Thread-15 : Event choose-signer.dynamodb.Scan: calling handler <function set_operation_specific_signer at 0x7f82debe9670>
2021-08-03 09:26:00,040 DEBUG botocore.auth Thread-15 : Calculating signature using v4 auth.
2021-08-03 09:26:00,040 DEBUG botocore.auth Thread-15 : CanonicalRequest:
POST
/

content-type:application/x-amz-json-1.0
host:dynamodb.us-east-1.amazonaws.com
x-amz-date:20210803T152600Z
x-amz-target:DynamoDB_20120810.Scan

content-type;host;x-amz-date;x-amz-target
d69fbfa6d79423ac3d08f7034a1a847436fbfb4cf619230b4742618647afad99
2021-08-03 09:26:00,040 DEBUG botocore.auth Thread-15 : StringToSign:
AWS4-HMAC-SHA256
20210803T152600Z
20210803/us-east-1/dynamodb/aws4_request
f98e508c2ff33f1dda73299717c9629cbc5116bce021385a6a232a2275f7454c
2021-08-03 09:26:00,040 DEBUG botocore.auth Thread-15 : Signature:
4fc807f95ee044ca058654af454a190be58cdefad093113cbe257d8a9c29723e
2021-08-03 09:26:00,040 DEBUG botocore.endpoint Thread-15 : Sending http request: <AWSPreparedRequest stream_output=False, method=POST, url=https://dynamodb.us-east-1.amazonaws.com/, headers={'X-Amz-Target': b'DynamoDB_20120810.Scan', 'Content-Type': b'application/x-amz-json-1.0', 'User-Agent': b'Boto3/1.18.11 Python/3.8.0 Darwin/19.6.0 Botocore/1.21.11 Resource', 'X-Amz-Date': b'20210803T152600Z', 'Authorization': b'AWS4-HMAC-SHA256 Credential=AKIARM56JYRCU2OOB7XQ/20210803/us-east-1/dynamodb/aws4_request, SignedHeaders=content-type;host;x-amz-date;x-amz-target, Signature=4fc807f95ee044ca058654af454a190be58cdefad093113cbe257d8a9c29723e', 'Content-Length': '29'}>
2021-08-03 09:26:00,040 DEBUG botocore.httpsession Thread-15 : Certificate path: /Users/srubey/PycharmProjects/testFlaskProject/env/lib/python3.8/site-packages/botocore/cacert.pem
2021-08-03 09:26:00,096 DEBUG urllib3.connectionpool Thread-15 : https://dynamodb.us-east-1.amazonaws.com:443 "POST / HTTP/1.1" 200 1052
2021-08-03 09:26:00,096 DEBUG botocore.parsers Thread-15 : Response headers: {'Server': 'Server', 'Date': 'Tue, 03 Aug 2021 15:25:59 GMT', 'Content-Type': 'application/x-amz-json-1.0', 'Content-Length': '1052', 'Connection': 'keep-alive', 'x-amzn-RequestId': 'UO96IN1JPD39NHF692H83H3TQNVV4KQNSO5AEMVJF66Q9ASUAAJG', 'x-amz-crc32': '2725252477'}
2021-08-03 09:26:00,096 DEBUG botocore.parsers Thread-15 : Response body:
b'{"Count":10,"Items":[{"message":{"S":"Eric"},"name":{"S":"Chiming in here!\\r\\n"},"timestamp":{"S":"2021-08-03 09:25:44.890307"}},{"message":{"S":"Harry"},"name":{"S":"Well hello there!"},"timestamp":{"S":"2021-08-02 17:23:42.051807"}},{"message":{"S":"scott"},"name":{"S":"Test 3"},"timestamp":{"S":"2021-08-02 17:20:44.651013"}},{"message":{"S":"Eric"},"name":{"S":"Whatdya think?"},"timestamp":{"S":"2021-08-03 09:25:51.874411"}},{"message":{"S":"Eric"},"name":{"S":"Oh yeah, seems to be working now..."},"timestamp":{"S":"2021-08-03 09:25:59.961614"}},{"message":{"S":"scott"},"name":{"S":"Test 4"},"timestamp":{"S":"2021-08-02 17:20:51.808133"}},{"message":{"S":"Harry"},"name":{"S":"Goodbye"},"timestamp":{"S":"2021-08-02 17:23:48.870860"}},{"message":{"S":"John"},"name":{"S":"Hey guys!"},"timestamp":{"S":"2021-08-02 17:26:13.205307"}},{"message":{"S":"scott"},"name":{"S":"Test 2"},"timestamp":{"S":"2021-08-02 17:20:38.809618"}},{"message":{"S":"scott"},"name":{"S":"Test 1"},"timestamp":{"S":"2021-08-02 17:20:32.303538"}}],"ScannedCount":10}'
2021-08-03 09:26:00,097 DEBUG botocore.hooks Thread-15 : Event needs-retry.dynamodb.Scan: calling handler <botocore.retryhandler.RetryHandler object at 0x7f82df88f8e0>
2021-08-03 09:26:00,097 DEBUG botocore.retryhandler Thread-15 : No retry needed.
2021-08-03 09:26:00,097 DEBUG botocore.hooks Thread-15 : Event after-call.dynamodb.Scan: calling handler <bound method TransformationInjector.inject_attribute_value_output of <boto3.dynamodb.transform.TransformationInjector object at 0x7f82df909910>>
2021-08-03 09:26:00,097 DEBUG boto3.resources.action Thread-15 : Response: {'Items': [{'message': 'Eric', 'name': 'Chiming in here!\r\n', 'timestamp': '2021-08-03 09:25:44.890307'}, {'message': 'Harry', 'name': 'Well hello there!', 'timestamp': '2021-08-02 17:23:42.051807'}, {'message': 'scott', 'name': 'Test 3', 'timestamp': '2021-08-02 17:20:44.651013'}, {'message': 'Eric', 'name': 'Whatdya think?', 'timestamp': '2021-08-03 09:25:51.874411'}, {'message': 'Eric', 'name': 'Oh yeah, seems to be working now...', 'timestamp': '2021-08-03 09:25:59.961614'}, {'message': 'scott', 'name': 'Test 4', 'timestamp': '2021-08-02 17:20:51.808133'}, {'message': 'Harry', 'name': 'Goodbye', 'timestamp': '2021-08-02 17:23:48.870860'}, {'message': 'John', 'name': 'Hey guys!', 'timestamp': '2021-08-02 17:26:13.205307'}, {'message': 'scott', 'name': 'Test 2', 'timestamp': '2021-08-02 17:20:38.809618'}, {'message': 'scott', 'name': 'Test 1', 'timestamp': '2021-08-02 17:20:32.303538'}], 'Count': 10, 'ScannedCount': 10, 'ResponseMetadata': {'RequestId': 'UO96IN1JPD39NHF692H83H3TQNVV4KQNSO5AEMVJF66Q9ASUAAJG', 'HTTPStatusCode': 200, 'HTTPHeaders': {'server': 'Server', 'date': 'Tue, 03 Aug 2021 15:25:59 GMT', 'content-type': 'application/x-amz-json-1.0', 'content-length': '1052', 'connection': 'keep-alive', 'x-amzn-requestid': 'UO96IN1JPD39NHF692H83H3TQNVV4KQNSO5AEMVJF66Q9ASUAAJG', 'x-amz-crc32': '2725252477'}, 'RetryAttempts': 0}}
2021-08-03 09:26:00,098 INFO werkzeug Thread-15 : 127.0.0.1 - - [03/Aug/2021 09:26:00] "GET /chat HTTP/1.1" 200 -
2021-08-03 09:26:00,127 INFO werkzeug Thread-16 : 127.0.0.1 - - [03/Aug/2021 09:26:00] "[36mGET /static/index.css HTTP/1.1[0m" 304 -
2021-08-03 09:26:05,490 DEBUG boto3.resources.action Thread-17 : Calling dynamodb:put_item with {'TableName': 'chatMessages', 'Item': {'message': 'Eric', 'name': 'Keep going...', 'timestamp': '2021-08-03 09:26:05.490067'}}
2021-08-03 09:26:05,490 DEBUG botocore.hooks Thread-17 : Event provide-client-params.dynamodb.PutItem: calling handler <function copy_dynamodb_params at 0x7f82df92f670>
2021-08-03 09:26:05,490 DEBUG botocore.hooks Thread-17 : Event before-parameter-build.dynamodb.PutItem: calling handler <bound method TransformationInjector.inject_condition_expressions of <boto3.dynamodb.transform.TransformationInjector object at 0x7f82df909910>>
2021-08-03 09:26:05,490 DEBUG botocore.hooks Thread-17 : Event before-parameter-build.dynamodb.PutItem: calling handler <bound method TransformationInjector.inject_attribute_value_input of <boto3.dynamodb.transform.TransformationInjector object at 0x7f82df909910>>
2021-08-03 09:26:05,490 DEBUG botocore.hooks Thread-17 : Event before-parameter-build.dynamodb.PutItem: calling handler <function generate_idempotent_uuid at 0x7f82debe9790>
2021-08-03 09:26:05,490 DEBUG botocore.hooks Thread-17 : Event before-parameter-build.dynamodb.PutItem: calling handler <function block_endpoint_discovery_required_operations at 0x7f82deba7040>
2021-08-03 09:26:05,491 DEBUG botocore.hooks Thread-17 : Event before-call.dynamodb.PutItem: calling handler <function inject_api_version_header_if_needed at 0x7f82debf1040>
2021-08-03 09:26:05,491 DEBUG botocore.endpoint Thread-17 : Making request for OperationModel(name=PutItem) with params: {'url_path': '/', 'query_string': '', 'method': 'POST', 'headers': {'X-Amz-Target': 'DynamoDB_20120810.PutItem', 'Content-Type': 'application/x-amz-json-1.0', 'User-Agent': 'Boto3/1.18.11 Python/3.8.0 Darwin/19.6.0 Botocore/1.21.11 Resource'}, 'body': b'{"TableName": "chatMessages", "Item": {"message": {"S": "Eric"}, "name": {"S": "Keep going..."}, "timestamp": {"S": "2021-08-03 09:26:05.490067"}}}', 'url': 'https://dynamodb.us-east-1.amazonaws.com/', 'context': {'client_region': 'us-east-1', 'client_config': <botocore.config.Config object at 0x7f82df86ce50>, 'has_streaming_input': False, 'auth_type': None}}
2021-08-03 09:26:05,491 DEBUG botocore.hooks Thread-17 : Event request-created.dynamodb.PutItem: calling handler <bound method RequestSigner.handler of <botocore.signers.RequestSigner object at 0x7f82df86cc70>>
2021-08-03 09:26:05,491 DEBUG botocore.hooks Thread-17 : Event choose-signer.dynamodb.PutItem: calling handler <function set_operation_specific_signer at 0x7f82debe9670>
2021-08-03 09:26:05,491 DEBUG botocore.auth Thread-17 : Calculating signature using v4 auth.
2021-08-03 09:26:05,491 DEBUG botocore.auth Thread-17 : CanonicalRequest:
POST
/

content-type:application/x-amz-json-1.0
host:dynamodb.us-east-1.amazonaws.com
x-amz-date:20210803T152605Z
x-amz-target:DynamoDB_20120810.PutItem

content-type;host;x-amz-date;x-amz-target
281e0ab68fe33f0664aef12d850bf4125589441684f4142f877d355abca65982
2021-08-03 09:26:05,492 DEBUG botocore.auth Thread-17 : StringToSign:
AWS4-HMAC-SHA256
20210803T152605Z
20210803/us-east-1/dynamodb/aws4_request
25401026197c66f7a4dbb907fb500dc864c4390eebb4656a937f4e6124e30b93
2021-08-03 09:26:05,492 DEBUG botocore.auth Thread-17 : Signature:
42dc1cce1c712092fb371f35e58f280aa3d00c30f1123e447eeba7ee51b15202
2021-08-03 09:26:05,492 DEBUG botocore.endpoint Thread-17 : Sending http request: <AWSPreparedRequest stream_output=False, method=POST, url=https://dynamodb.us-east-1.amazonaws.com/, headers={'X-Amz-Target': b'DynamoDB_20120810.PutItem', 'Content-Type': b'application/x-amz-json-1.0', 'User-Agent': b'Boto3/1.18.11 Python/3.8.0 Darwin/19.6.0 Botocore/1.21.11 Resource', 'X-Amz-Date': b'20210803T152605Z', 'Authorization': b'AWS4-HMAC-SHA256 Credential=AKIARM56JYRCU2OOB7XQ/20210803/us-east-1/dynamodb/aws4_request, SignedHeaders=content-type;host;x-amz-date;x-amz-target, Signature=42dc1cce1c712092fb371f35e58f280aa3d00c30f1123e447eeba7ee51b15202', 'Content-Length': '147'}>
2021-08-03 09:26:05,492 DEBUG botocore.httpsession Thread-17 : Certificate path: /Users/srubey/PycharmProjects/testFlaskProject/env/lib/python3.8/site-packages/botocore/cacert.pem
2021-08-03 09:26:05,550 DEBUG urllib3.connectionpool Thread-17 : https://dynamodb.us-east-1.amazonaws.com:443 "POST / HTTP/1.1" 200 2
2021-08-03 09:26:05,551 DEBUG botocore.parsers Thread-17 : Response headers: {'Server': 'Server', 'Date': 'Tue, 03 Aug 2021 15:26:05 GMT', 'Content-Type': 'application/x-amz-json-1.0', 'Content-Length': '2', 'Connection': 'keep-alive', 'x-amzn-RequestId': 'CKEF4M8NJI1NEC7USLB684LJPRVV4KQNSO5AEMVJF66Q9ASUAAJG', 'x-amz-crc32': '2745614147'}
2021-08-03 09:26:05,551 DEBUG botocore.parsers Thread-17 : Response body:
b'{}'
2021-08-03 09:26:05,551 DEBUG botocore.hooks Thread-17 : Event needs-retry.dynamodb.PutItem: calling handler <botocore.retryhandler.RetryHandler object at 0x7f82df88f8e0>
2021-08-03 09:26:05,551 DEBUG botocore.retryhandler Thread-17 : No retry needed.
2021-08-03 09:26:05,552 DEBUG botocore.hooks Thread-17 : Event after-call.dynamodb.PutItem: calling handler <bound method TransformationInjector.inject_attribute_value_output of <boto3.dynamodb.transform.TransformationInjector object at 0x7f82df909910>>
2021-08-03 09:26:05,552 DEBUG boto3.resources.action Thread-17 : Response: {'ResponseMetadata': {'RequestId': 'CKEF4M8NJI1NEC7USLB684LJPRVV4KQNSO5AEMVJF66Q9ASUAAJG', 'HTTPStatusCode': 200, 'HTTPHeaders': {'server': 'Server', 'date': 'Tue, 03 Aug 2021 15:26:05 GMT', 'content-type': 'application/x-amz-json-1.0', 'content-length': '2', 'connection': 'keep-alive', 'x-amzn-requestid': 'CKEF4M8NJI1NEC7USLB684LJPRVV4KQNSO5AEMVJF66Q9ASUAAJG', 'x-amz-crc32': '2745614147'}, 'RetryAttempts': 0}}
2021-08-03 09:26:05,553 INFO werkzeug Thread-17 : 127.0.0.1 - - [03/Aug/2021 09:26:05] "[32mPOST /chat HTTP/1.1[0m" 302 -
2021-08-03 09:26:05,558 DEBUG boto3.resources.action Thread-18 : Calling dynamodb:scan with {'TableName': 'chatMessages'}
2021-08-03 09:26:05,558 DEBUG botocore.hooks Thread-18 : Event provide-client-params.dynamodb.Scan: calling handler <function copy_dynamodb_params at 0x7f82df92f670>
2021-08-03 09:26:05,558 DEBUG botocore.hooks Thread-18 : Event before-parameter-build.dynamodb.Scan: calling handler <bound method TransformationInjector.inject_condition_expressions of <boto3.dynamodb.transform.TransformationInjector object at 0x7f82df909910>>
2021-08-03 09:26:05,558 DEBUG botocore.hooks Thread-18 : Event before-parameter-build.dynamodb.Scan: calling handler <bound method TransformationInjector.inject_attribute_value_input of <boto3.dynamodb.transform.TransformationInjector object at 0x7f82df909910>>
2021-08-03 09:26:05,558 DEBUG botocore.hooks Thread-18 : Event before-parameter-build.dynamodb.Scan: calling handler <function generate_idempotent_uuid at 0x7f82debe9790>
2021-08-03 09:26:05,558 DEBUG botocore.hooks Thread-18 : Event before-parameter-build.dynamodb.Scan: calling handler <function block_endpoint_discovery_required_operations at 0x7f82deba7040>
2021-08-03 09:26:05,559 DEBUG botocore.hooks Thread-18 : Event before-call.dynamodb.Scan: calling handler <function inject_api_version_header_if_needed at 0x7f82debf1040>
2021-08-03 09:26:05,559 DEBUG botocore.endpoint Thread-18 : Making request for OperationModel(name=Scan) with params: {'url_path': '/', 'query_string': '', 'method': 'POST', 'headers': {'X-Amz-Target': 'DynamoDB_20120810.Scan', 'Content-Type': 'application/x-amz-json-1.0', 'User-Agent': 'Boto3/1.18.11 Python/3.8.0 Darwin/19.6.0 Botocore/1.21.11 Resource'}, 'body': b'{"TableName": "chatMessages"}', 'url': 'https://dynamodb.us-east-1.amazonaws.com/', 'context': {'client_region': 'us-east-1', 'client_config': <botocore.config.Config object at 0x7f82df86ce50>, 'has_streaming_input': False, 'auth_type': None}}
2021-08-03 09:26:05,559 DEBUG botocore.hooks Thread-18 : Event request-created.dynamodb.Scan: calling handler <bound method RequestSigner.handler of <botocore.signers.RequestSigner object at 0x7f82df86cc70>>
2021-08-03 09:26:05,559 DEBUG botocore.hooks Thread-18 : Event choose-signer.dynamodb.Scan: calling handler <function set_operation_specific_signer at 0x7f82debe9670>
2021-08-03 09:26:05,559 DEBUG botocore.auth Thread-18 : Calculating signature using v4 auth.
2021-08-03 09:26:05,559 DEBUG botocore.auth Thread-18 : CanonicalRequest:
POST
/

content-type:application/x-amz-json-1.0
host:dynamodb.us-east-1.amazonaws.com
x-amz-date:20210803T152605Z
x-amz-target:DynamoDB_20120810.Scan

content-type;host;x-amz-date;x-amz-target
d69fbfa6d79423ac3d08f7034a1a847436fbfb4cf619230b4742618647afad99
2021-08-03 09:26:05,559 DEBUG botocore.auth Thread-18 : StringToSign:
AWS4-HMAC-SHA256
20210803T152605Z
20210803/us-east-1/dynamodb/aws4_request
572127eb9e23f4d2ec3739890937ed452ec3ee882d257c96ada54c441ee89cd2
2021-08-03 09:26:05,560 DEBUG botocore.auth Thread-18 : Signature:
d331e5b419334fd9550315f444a5ab0fdcd68660c6d14aa6363935f263de9010
2021-08-03 09:26:05,560 DEBUG botocore.endpoint Thread-18 : Sending http request: <AWSPreparedRequest stream_output=False, method=POST, url=https://dynamodb.us-east-1.amazonaws.com/, headers={'X-Amz-Target': b'DynamoDB_20120810.Scan', 'Content-Type': b'application/x-amz-json-1.0', 'User-Agent': b'Boto3/1.18.11 Python/3.8.0 Darwin/19.6.0 Botocore/1.21.11 Resource', 'X-Amz-Date': b'20210803T152605Z', 'Authorization': b'AWS4-HMAC-SHA256 Credential=AKIARM56JYRCU2OOB7XQ/20210803/us-east-1/dynamodb/aws4_request, SignedHeaders=content-type;host;x-amz-date;x-amz-target, Signature=d331e5b419334fd9550315f444a5ab0fdcd68660c6d14aa6363935f263de9010', 'Content-Length': '29'}>
2021-08-03 09:26:05,560 DEBUG botocore.httpsession Thread-18 : Certificate path: /Users/srubey/PycharmProjects/testFlaskProject/env/lib/python3.8/site-packages/botocore/cacert.pem
2021-08-03 09:26:05,615 DEBUG urllib3.connectionpool Thread-18 : https://dynamodb.us-east-1.amazonaws.com:443 "POST / HTTP/1.1" 200 1153
2021-08-03 09:26:05,616 DEBUG botocore.parsers Thread-18 : Response headers: {'Server': 'Server', 'Date': 'Tue, 03 Aug 2021 15:26:05 GMT', 'Content-Type': 'application/x-amz-json-1.0', 'Content-Length': '1153', 'Connection': 'keep-alive', 'x-amzn-RequestId': 'H5OSASGSGQUHA2IADS2PP0R5PBVV4KQNSO5AEMVJF66Q9ASUAAJG', 'x-amz-crc32': '3497833434'}
2021-08-03 09:26:05,616 DEBUG botocore.parsers Thread-18 : Response body:
b'{"Count":11,"Items":[{"message":{"S":"Eric"},"name":{"S":"Chiming in here!\\r\\n"},"timestamp":{"S":"2021-08-03 09:25:44.890307"}},{"message":{"S":"Harry"},"name":{"S":"Well hello there!"},"timestamp":{"S":"2021-08-02 17:23:42.051807"}},{"message":{"S":"scott"},"name":{"S":"Test 3"},"timestamp":{"S":"2021-08-02 17:20:44.651013"}},{"message":{"S":"Eric"},"name":{"S":"Whatdya think?"},"timestamp":{"S":"2021-08-03 09:25:51.874411"}},{"message":{"S":"Eric"},"name":{"S":"Oh yeah, seems to be working now..."},"timestamp":{"S":"2021-08-03 09:25:59.961614"}},{"message":{"S":"scott"},"name":{"S":"Test 4"},"timestamp":{"S":"2021-08-02 17:20:51.808133"}},{"message":{"S":"Harry"},"name":{"S":"Goodbye"},"timestamp":{"S":"2021-08-02 17:23:48.870860"}},{"message":{"S":"Eric"},"name":{"S":"Keep going..."},"timestamp":{"S":"2021-08-03 09:26:05.490067"}},{"message":{"S":"John"},"name":{"S":"Hey guys!"},"timestamp":{"S":"2021-08-02 17:26:13.205307"}},{"message":{"S":"scott"},"name":{"S":"Test 2"},"timestamp":{"S":"2021-08-02 17:20:38.809618"}},{"message":{"S":"scott"},"name":{"S":"Test 1"},"timestamp":{"S":"2021-08-02 17:20:32.303538"}}],"ScannedCount":11}'
2021-08-03 09:26:05,617 DEBUG botocore.hooks Thread-18 : Event needs-retry.dynamodb.Scan: calling handler <botocore.retryhandler.RetryHandler object at 0x7f82df88f8e0>
2021-08-03 09:26:05,617 DEBUG botocore.retryhandler Thread-18 : No retry needed.
2021-08-03 09:26:05,617 DEBUG botocore.hooks Thread-18 : Event after-call.dynamodb.Scan: calling handler <bound method TransformationInjector.inject_attribute_value_output of <boto3.dynamodb.transform.TransformationInjector object at 0x7f82df909910>>
2021-08-03 09:26:05,617 DEBUG boto3.resources.action Thread-18 : Response: {'Items': [{'message': 'Eric', 'name': 'Chiming in here!\r\n', 'timestamp': '2021-08-03 09:25:44.890307'}, {'message': 'Harry', 'name': 'Well hello there!', 'timestamp': '2021-08-02 17:23:42.051807'}, {'message': 'scott', 'name': 'Test 3', 'timestamp': '2021-08-02 17:20:44.651013'}, {'message': 'Eric', 'name': 'Whatdya think?', 'timestamp': '2021-08-03 09:25:51.874411'}, {'message': 'Eric', 'name': 'Oh yeah, seems to be working now...', 'timestamp': '2021-08-03 09:25:59.961614'}, {'message': 'scott', 'name': 'Test 4', 'timestamp': '2021-08-02 17:20:51.808133'}, {'message': 'Harry', 'name': 'Goodbye', 'timestamp': '2021-08-02 17:23:48.870860'}, {'message': 'Eric', 'name': 'Keep going...', 'timestamp': '2021-08-03 09:26:05.490067'}, {'message': 'John', 'name': 'Hey guys!', 'timestamp': '2021-08-02 17:26:13.205307'}, {'message': 'scott', 'name': 'Test 2', 'timestamp': '2021-08-02 17:20:38.809618'}, {'message': 'scott', 'name': 'Test 1', 'timestamp': '2021-08-02 17:20:32.303538'}], 'Count': 11, 'ScannedCount': 11, 'ResponseMetadata': {'RequestId': 'H5OSASGSGQUHA2IADS2PP0R5PBVV4KQNSO5AEMVJF66Q9ASUAAJG', 'HTTPStatusCode': 200, 'HTTPHeaders': {'server': 'Server', 'date': 'Tue, 03 Aug 2021 15:26:05 GMT', 'content-type': 'application/x-amz-json-1.0', 'content-length': '1153', 'connection': 'keep-alive', 'x-amzn-requestid': 'H5OSASGSGQUHA2IADS2PP0R5PBVV4KQNSO5AEMVJF66Q9ASUAAJG', 'x-amz-crc32': '3497833434'}, 'RetryAttempts': 0}}
2021-08-03 09:26:05,619 INFO werkzeug Thread-18 : 127.0.0.1 - - [03/Aug/2021 09:26:05] "GET /chat HTTP/1.1" 200 -
2021-08-03 09:26:05,647 INFO werkzeug Thread-19 : 127.0.0.1 - - [03/Aug/2021 09:26:05] "[36mGET /static/index.css HTTP/1.1[0m" 304 -
2021-08-03 09:26:12,042 DEBUG boto3.resources.action Thread-20 : Calling dynamodb:put_item with {'TableName': 'chatMessages', 'Item': {'message': 'Eric', 'name': 'Uh oh...', 'timestamp': '2021-08-03 09:26:12.042895'}}
2021-08-03 09:26:12,043 DEBUG botocore.hooks Thread-20 : Event provide-client-params.dynamodb.PutItem: calling handler <function copy_dynamodb_params at 0x7f82df92f670>
2021-08-03 09:26:12,043 DEBUG botocore.hooks Thread-20 : Event before-parameter-build.dynamodb.PutItem: calling handler <bound method TransformationInjector.inject_condition_expressions of <boto3.dynamodb.transform.TransformationInjector object at 0x7f82df909910>>
2021-08-03 09:26:12,043 DEBUG botocore.hooks Thread-20 : Event before-parameter-build.dynamodb.PutItem: calling handler <bound method TransformationInjector.inject_attribute_value_input of <boto3.dynamodb.transform.TransformationInjector object at 0x7f82df909910>>
2021-08-03 09:26:12,043 DEBUG botocore.hooks Thread-20 : Event before-parameter-build.dynamodb.PutItem: calling handler <function generate_idempotent_uuid at 0x7f82debe9790>
2021-08-03 09:26:12,043 DEBUG botocore.hooks Thread-20 : Event before-parameter-build.dynamodb.PutItem: calling handler <function block_endpoint_discovery_required_operations at 0x7f82deba7040>
2021-08-03 09:26:12,043 DEBUG botocore.hooks Thread-20 : Event before-call.dynamodb.PutItem: calling handler <function inject_api_version_header_if_needed at 0x7f82debf1040>
2021-08-03 09:26:12,043 DEBUG botocore.endpoint Thread-20 : Making request for OperationModel(name=PutItem) with params: {'url_path': '/', 'query_string': '', 'method': 'POST', 'headers': {'X-Amz-Target': 'DynamoDB_20120810.PutItem', 'Content-Type': 'application/x-amz-json-1.0', 'User-Agent': 'Boto3/1.18.11 Python/3.8.0 Darwin/19.6.0 Botocore/1.21.11 Resource'}, 'body': b'{"TableName": "chatMessages", "Item": {"message": {"S": "Eric"}, "name": {"S": "Uh oh..."}, "timestamp": {"S": "2021-08-03 09:26:12.042895"}}}', 'url': 'https://dynamodb.us-east-1.amazonaws.com/', 'context': {'client_region': 'us-east-1', 'client_config': <botocore.config.Config object at 0x7f82df86ce50>, 'has_streaming_input': False, 'auth_type': None}}
2021-08-03 09:26:12,044 DEBUG botocore.hooks Thread-20 : Event request-created.dynamodb.PutItem: calling handler <bound method RequestSigner.handler of <botocore.signers.RequestSigner object at 0x7f82df86cc70>>
2021-08-03 09:26:12,044 DEBUG botocore.hooks Thread-20 : Event choose-signer.dynamodb.PutItem: calling handler <function set_operation_specific_signer at 0x7f82debe9670>
2021-08-03 09:26:12,044 DEBUG botocore.auth Thread-20 : Calculating signature using v4 auth.
2021-08-03 09:26:12,044 DEBUG botocore.auth Thread-20 : CanonicalRequest:
POST
/

content-type:application/x-amz-json-1.0
host:dynamodb.us-east-1.amazonaws.com
x-amz-date:20210803T152612Z
x-amz-target:DynamoDB_20120810.PutItem

content-type;host;x-amz-date;x-amz-target
b0492c3e8a87daae5b4550d5bcbb473d63bb34acb1cf4ab323418f1abf5f1529
2021-08-03 09:26:12,044 DEBUG botocore.auth Thread-20 : StringToSign:
AWS4-HMAC-SHA256
20210803T152612Z
20210803/us-east-1/dynamodb/aws4_request
91253280ab1e69f176e672fb0ba4dd2656ebf02aca082af7073291be9f07344c
2021-08-03 09:26:12,045 DEBUG botocore.auth Thread-20 : Signature:
5fb3019b2c8d8e858b41336e9f9e2cc23db6dbdc81cc5dcfe104d8694acd9b85
2021-08-03 09:26:12,045 DEBUG botocore.endpoint Thread-20 : Sending http request: <AWSPreparedRequest stream_output=False, method=POST, url=https://dynamodb.us-east-1.amazonaws.com/, headers={'X-Amz-Target': b'DynamoDB_20120810.PutItem', 'Content-Type': b'application/x-amz-json-1.0', 'User-Agent': b'Boto3/1.18.11 Python/3.8.0 Darwin/19.6.0 Botocore/1.21.11 Resource', 'X-Amz-Date': b'20210803T152612Z', 'Authorization': b'AWS4-HMAC-SHA256 Credential=AKIARM56JYRCU2OOB7XQ/20210803/us-east-1/dynamodb/aws4_request, SignedHeaders=content-type;host;x-amz-date;x-amz-target, Signature=5fb3019b2c8d8e858b41336e9f9e2cc23db6dbdc81cc5dcfe104d8694acd9b85', 'Content-Length': '142'}>
2021-08-03 09:26:12,045 DEBUG botocore.httpsession Thread-20 : Certificate path: /Users/srubey/PycharmProjects/testFlaskProject/env/lib/python3.8/site-packages/botocore/cacert.pem
2021-08-03 09:26:12,105 DEBUG urllib3.connectionpool Thread-20 : https://dynamodb.us-east-1.amazonaws.com:443 "POST / HTTP/1.1" 200 2
2021-08-03 09:26:12,105 DEBUG botocore.parsers Thread-20 : Response headers: {'Server': 'Server', 'Date': 'Tue, 03 Aug 2021 15:26:11 GMT', 'Content-Type': 'application/x-amz-json-1.0', 'Content-Length': '2', 'Connection': 'keep-alive', 'x-amzn-RequestId': '4VP16ROBKCHAMQKTUBF70QQB67VV4KQNSO5AEMVJF66Q9ASUAAJG', 'x-amz-crc32': '2745614147'}
2021-08-03 09:26:12,105 DEBUG botocore.parsers Thread-20 : Response body:
b'{}'
2021-08-03 09:26:12,106 DEBUG botocore.hooks Thread-20 : Event needs-retry.dynamodb.PutItem: calling handler <botocore.retryhandler.RetryHandler object at 0x7f82df88f8e0>
2021-08-03 09:26:12,106 DEBUG botocore.retryhandler Thread-20 : No retry needed.
2021-08-03 09:26:12,106 DEBUG botocore.hooks Thread-20 : Event after-call.dynamodb.PutItem: calling handler <bound method TransformationInjector.inject_attribute_value_output of <boto3.dynamodb.transform.TransformationInjector object at 0x7f82df909910>>
2021-08-03 09:26:12,106 DEBUG boto3.resources.action Thread-20 : Response: {'ResponseMetadata': {'RequestId': '4VP16ROBKCHAMQKTUBF70QQB67VV4KQNSO5AEMVJF66Q9ASUAAJG', 'HTTPStatusCode': 200, 'HTTPHeaders': {'server': 'Server', 'date': 'Tue, 03 Aug 2021 15:26:11 GMT', 'content-type': 'application/x-amz-json-1.0', 'content-length': '2', 'connection': 'keep-alive', 'x-amzn-requestid': '4VP16ROBKCHAMQKTUBF70QQB67VV4KQNSO5AEMVJF66Q9ASUAAJG', 'x-amz-crc32': '2745614147'}, 'RetryAttempts': 0}}
2021-08-03 09:26:12,107 INFO werkzeug Thread-20 : 127.0.0.1 - - [03/Aug/2021 09:26:12] "[32mPOST /chat HTTP/1.1[0m" 302 -
2021-08-03 09:26:12,111 DEBUG boto3.resources.action Thread-21 : Calling dynamodb:scan with {'TableName': 'chatMessages'}
2021-08-03 09:26:12,111 DEBUG botocore.hooks Thread-21 : Event provide-client-params.dynamodb.Scan: calling handler <function copy_dynamodb_params at 0x7f82df92f670>
2021-08-03 09:26:12,112 DEBUG botocore.hooks Thread-21 : Event before-parameter-build.dynamodb.Scan: calling handler <bound method TransformationInjector.inject_condition_expressions of <boto3.dynamodb.transform.TransformationInjector object at 0x7f82df909910>>
2021-08-03 09:26:12,112 DEBUG botocore.hooks Thread-21 : Event before-parameter-build.dynamodb.Scan: calling handler <bound method TransformationInjector.inject_attribute_value_input of <boto3.dynamodb.transform.TransformationInjector object at 0x7f82df909910>>
2021-08-03 09:26:12,112 DEBUG botocore.hooks Thread-21 : Event before-parameter-build.dynamodb.Scan: calling handler <function generate_idempotent_uuid at 0x7f82debe9790>
2021-08-03 09:26:12,112 DEBUG botocore.hooks Thread-21 : Event before-parameter-build.dynamodb.Scan: calling handler <function block_endpoint_discovery_required_operations at 0x7f82deba7040>
2021-08-03 09:26:12,112 DEBUG botocore.hooks Thread-21 : Event before-call.dynamodb.Scan: calling handler <function inject_api_version_header_if_needed at 0x7f82debf1040>
2021-08-03 09:26:12,112 DEBUG botocore.endpoint Thread-21 : Making request for OperationModel(name=Scan) with params: {'url_path': '/', 'query_string': '', 'method': 'POST', 'headers': {'X-Amz-Target': 'DynamoDB_20120810.Scan', 'Content-Type': 'application/x-amz-json-1.0', 'User-Agent': 'Boto3/1.18.11 Python/3.8.0 Darwin/19.6.0 Botocore/1.21.11 Resource'}, 'body': b'{"TableName": "chatMessages"}', 'url': 'https://dynamodb.us-east-1.amazonaws.com/', 'context': {'client_region': 'us-east-1', 'client_config': <botocore.config.Config object at 0x7f82df86ce50>, 'has_streaming_input': False, 'auth_type': None}}
2021-08-03 09:26:12,112 DEBUG botocore.hooks Thread-21 : Event request-created.dynamodb.Scan: calling handler <bound method RequestSigner.handler of <botocore.signers.RequestSigner object at 0x7f82df86cc70>>
2021-08-03 09:26:12,112 DEBUG botocore.hooks Thread-21 : Event choose-signer.dynamodb.Scan: calling handler <function set_operation_specific_signer at 0x7f82debe9670>
2021-08-03 09:26:12,113 DEBUG botocore.auth Thread-21 : Calculating signature using v4 auth.
2021-08-03 09:26:12,113 DEBUG botocore.auth Thread-21 : CanonicalRequest:
POST
/

content-type:application/x-amz-json-1.0
host:dynamodb.us-east-1.amazonaws.com
x-amz-date:20210803T152612Z
x-amz-target:DynamoDB_20120810.Scan

content-type;host;x-amz-date;x-amz-target
d69fbfa6d79423ac3d08f7034a1a847436fbfb4cf619230b4742618647afad99
2021-08-03 09:26:12,113 DEBUG botocore.auth Thread-21 : StringToSign:
AWS4-HMAC-SHA256
20210803T152612Z
20210803/us-east-1/dynamodb/aws4_request
f9a8f254a1b5974e07a9559cbbbdc146ad0186ce20ae63055d36bb6a5b00724e
2021-08-03 09:26:12,113 DEBUG botocore.auth Thread-21 : Signature:
568a4a0a63ea1ae69ae5a4bbf6c7d092a9f4936ad95d393758593817fc14ab90
2021-08-03 09:26:12,113 DEBUG botocore.endpoint Thread-21 : Sending http request: <AWSPreparedRequest stream_output=False, method=POST, url=https://dynamodb.us-east-1.amazonaws.com/, headers={'X-Amz-Target': b'DynamoDB_20120810.Scan', 'Content-Type': b'application/x-amz-json-1.0', 'User-Agent': b'Boto3/1.18.11 Python/3.8.0 Darwin/19.6.0 Botocore/1.21.11 Resource', 'X-Amz-Date': b'20210803T152612Z', 'Authorization': b'AWS4-HMAC-SHA256 Credential=AKIARM56JYRCU2OOB7XQ/20210803/us-east-1/dynamodb/aws4_request, SignedHeaders=content-type;host;x-amz-date;x-amz-target, Signature=568a4a0a63ea1ae69ae5a4bbf6c7d092a9f4936ad95d393758593817fc14ab90', 'Content-Length': '29'}>
2021-08-03 09:26:12,113 DEBUG botocore.httpsession Thread-21 : Certificate path: /Users/srubey/PycharmProjects/testFlaskProject/env/lib/python3.8/site-packages/botocore/cacert.pem
2021-08-03 09:26:12,168 DEBUG urllib3.connectionpool Thread-21 : https://dynamodb.us-east-1.amazonaws.com:443 "POST / HTTP/1.1" 200 1249
2021-08-03 09:26:12,169 DEBUG botocore.parsers Thread-21 : Response headers: {'Server': 'Server', 'Date': 'Tue, 03 Aug 2021 15:26:12 GMT', 'Content-Type': 'application/x-amz-json-1.0', 'Content-Length': '1249', 'Connection': 'keep-alive', 'x-amzn-RequestId': '840U62O1FPEG9CM9FE4ULS5P0VVV4KQNSO5AEMVJF66Q9ASUAAJG', 'x-amz-crc32': '1876378803'}
2021-08-03 09:26:12,169 DEBUG botocore.parsers Thread-21 : Response body:
b'{"Count":12,"Items":[{"message":{"S":"Eric"},"name":{"S":"Chiming in here!\\r\\n"},"timestamp":{"S":"2021-08-03 09:25:44.890307"}},{"message":{"S":"Harry"},"name":{"S":"Well hello there!"},"timestamp":{"S":"2021-08-02 17:23:42.051807"}},{"message":{"S":"scott"},"name":{"S":"Test 3"},"timestamp":{"S":"2021-08-02 17:20:44.651013"}},{"message":{"S":"Eric"},"name":{"S":"Uh oh..."},"timestamp":{"S":"2021-08-03 09:26:12.042895"}},{"message":{"S":"Eric"},"name":{"S":"Whatdya think?"},"timestamp":{"S":"2021-08-03 09:25:51.874411"}},{"message":{"S":"Eric"},"name":{"S":"Oh yeah, seems to be working now..."},"timestamp":{"S":"2021-08-03 09:25:59.961614"}},{"message":{"S":"scott"},"name":{"S":"Test 4"},"timestamp":{"S":"2021-08-02 17:20:51.808133"}},{"message":{"S":"Harry"},"name":{"S":"Goodbye"},"timestamp":{"S":"2021-08-02 17:23:48.870860"}},{"message":{"S":"Eric"},"name":{"S":"Keep going..."},"timestamp":{"S":"2021-08-03 09:26:05.490067"}},{"message":{"S":"John"},"name":{"S":"Hey guys!"},"timestamp":{"S":"2021-08-02 17:26:13.205307"}},{"message":{"S":"scott"},"name":{"S":"Test 2"},"timestamp":{"S":"2021-08-02 17:20:38.809618"}},{"message":{"S":"scott"},"name":{"S":"Test 1"},"timestamp":{"S":"2021-08-02 17:20:32.303538"}}],"ScannedCount":12}'
2021-08-03 09:26:12,170 DEBUG botocore.hooks Thread-21 : Event needs-retry.dynamodb.Scan: calling handler <botocore.retryhandler.RetryHandler object at 0x7f82df88f8e0>
2021-08-03 09:26:12,170 DEBUG botocore.retryhandler Thread-21 : No retry needed.
2021-08-03 09:26:12,171 DEBUG botocore.hooks Thread-21 : Event after-call.dynamodb.Scan: calling handler <bound method TransformationInjector.inject_attribute_value_output of <boto3.dynamodb.transform.TransformationInjector object at 0x7f82df909910>>
2021-08-03 09:26:12,171 DEBUG boto3.resources.action Thread-21 : Response: {'Items': [{'message': 'Eric', 'name': 'Chiming in here!\r\n', 'timestamp': '2021-08-03 09:25:44.890307'}, {'message': 'Harry', 'name': 'Well hello there!', 'timestamp': '2021-08-02 17:23:42.051807'}, {'message': 'scott', 'name': 'Test 3', 'timestamp': '2021-08-02 17:20:44.651013'}, {'message': 'Eric', 'name': 'Uh oh...', 'timestamp': '2021-08-03 09:26:12.042895'}, {'message': 'Eric', 'name': 'Whatdya think?', 'timestamp': '2021-08-03 09:25:51.874411'}, {'message': 'Eric', 'name': 'Oh yeah, seems to be working now...', 'timestamp': '2021-08-03 09:25:59.961614'}, {'message': 'scott', 'name': 'Test 4', 'timestamp': '2021-08-02 17:20:51.808133'}, {'message': 'Harry', 'name': 'Goodbye', 'timestamp': '2021-08-02 17:23:48.870860'}, {'message': 'Eric', 'name': 'Keep going...', 'timestamp': '2021-08-03 09:26:05.490067'}, {'message': 'John', 'name': 'Hey guys!', 'timestamp': '2021-08-02 17:26:13.205307'}, {'message': 'scott', 'name': 'Test 2', 'timestamp': '2021-08-02 17:20:38.809618'}, {'message': 'scott', 'name': 'Test 1', 'timestamp': '2021-08-02 17:20:32.303538'}], 'Count': 12, 'ScannedCount': 12, 'ResponseMetadata': {'RequestId': '840U62O1FPEG9CM9FE4ULS5P0VVV4KQNSO5AEMVJF66Q9ASUAAJG', 'HTTPStatusCode': 200, 'HTTPHeaders': {'server': 'Server', 'date': 'Tue, 03 Aug 2021 15:26:12 GMT', 'content-type': 'application/x-amz-json-1.0', 'content-length': '1249', 'connection': 'keep-alive', 'x-amzn-requestid': '840U62O1FPEG9CM9FE4ULS5P0VVV4KQNSO5AEMVJF66Q9ASUAAJG', 'x-amz-crc32': '1876378803'}, 'RetryAttempts': 0}}
2021-08-03 09:26:12,172 INFO werkzeug Thread-21 : 127.0.0.1 - - [03/Aug/2021 09:26:12] "GET /chat HTTP/1.1" 200 -
2021-08-03 09:26:12,200 INFO werkzeug Thread-22 : 127.0.0.1 - - [03/Aug/2021 09:26:12] "[36mGET /static/index.css HTTP/1.1[0m" 304 -
2021-08-03 09:34:32,095 INFO werkzeug MainThread :  * Running on http://127.0.0.1:5000/ (Press CTRL+C to quit)
2021-08-03 09:34:32,101 INFO werkzeug MainThread :  * Restarting with stat
2021-08-03 09:34:32,772 WARNING werkzeug MainThread :  * Debugger is active!
2021-08-03 09:34:32,779 INFO werkzeug MainThread :  * Debugger PIN: 143-471-796
2021-08-03 09:34:41,739 DEBUG boto3.resources.action Thread-2 : Calling dynamodb:scan with {'TableName': 'chatMessages'}
2021-08-03 09:34:41,740 DEBUG botocore.hooks Thread-2 : Event provide-client-params.dynamodb.Scan: calling handler <function copy_dynamodb_params at 0x7ff63db2f670>
2021-08-03 09:34:41,740 DEBUG botocore.hooks Thread-2 : Event before-parameter-build.dynamodb.Scan: calling handler <bound method TransformationInjector.inject_condition_expressions of <boto3.dynamodb.transform.TransformationInjector object at 0x7ff63db09910>>
2021-08-03 09:34:41,740 DEBUG botocore.hooks Thread-2 : Event before-parameter-build.dynamodb.Scan: calling handler <bound method TransformationInjector.inject_attribute_value_input of <boto3.dynamodb.transform.TransformationInjector object at 0x7ff63db09910>>
2021-08-03 09:34:41,740 DEBUG botocore.hooks Thread-2 : Event before-parameter-build.dynamodb.Scan: calling handler <function generate_idempotent_uuid at 0x7ff63cae9790>
2021-08-03 09:34:41,741 DEBUG botocore.hooks Thread-2 : Event before-parameter-build.dynamodb.Scan: calling handler <function block_endpoint_discovery_required_operations at 0x7ff63caa7040>
2021-08-03 09:34:41,741 DEBUG botocore.hooks Thread-2 : Event before-call.dynamodb.Scan: calling handler <function inject_api_version_header_if_needed at 0x7ff63caf1040>
2021-08-03 09:34:41,741 DEBUG botocore.endpoint Thread-2 : Making request for OperationModel(name=Scan) with params: {'url_path': '/', 'query_string': '', 'method': 'POST', 'headers': {'X-Amz-Target': 'DynamoDB_20120810.Scan', 'Content-Type': 'application/x-amz-json-1.0', 'User-Agent': 'Boto3/1.18.11 Python/3.8.0 Darwin/19.6.0 Botocore/1.21.11 Resource'}, 'body': b'{"TableName": "chatMessages"}', 'url': 'https://dynamodb.us-east-1.amazonaws.com/', 'context': {'client_region': 'us-east-1', 'client_config': <botocore.config.Config object at 0x7ff63da6ce50>, 'has_streaming_input': False, 'auth_type': None}}
2021-08-03 09:34:41,741 DEBUG botocore.hooks Thread-2 : Event request-created.dynamodb.Scan: calling handler <bound method RequestSigner.handler of <botocore.signers.RequestSigner object at 0x7ff63da6cc70>>
2021-08-03 09:34:41,742 DEBUG botocore.hooks Thread-2 : Event choose-signer.dynamodb.Scan: calling handler <function set_operation_specific_signer at 0x7ff63cae9670>
2021-08-03 09:34:41,742 DEBUG botocore.auth Thread-2 : Calculating signature using v4 auth.
2021-08-03 09:34:41,742 DEBUG botocore.auth Thread-2 : CanonicalRequest:
POST
/

content-type:application/x-amz-json-1.0
host:dynamodb.us-east-1.amazonaws.com
x-amz-date:20210803T153441Z
x-amz-target:DynamoDB_20120810.Scan

content-type;host;x-amz-date;x-amz-target
d69fbfa6d79423ac3d08f7034a1a847436fbfb4cf619230b4742618647afad99
2021-08-03 09:34:41,742 DEBUG botocore.auth Thread-2 : StringToSign:
AWS4-HMAC-SHA256
20210803T153441Z
20210803/us-east-1/dynamodb/aws4_request
f5b9493ac715a53ba736ffc1628c6c14972172f79418723938177579adb88963
2021-08-03 09:34:41,742 DEBUG botocore.auth Thread-2 : Signature:
6fa21fd9e7d11a2934cc30cb233e59d3269fe1d63301c5623b1885b0fac9fe45
2021-08-03 09:34:41,743 DEBUG botocore.endpoint Thread-2 : Sending http request: <AWSPreparedRequest stream_output=False, method=POST, url=https://dynamodb.us-east-1.amazonaws.com/, headers={'X-Amz-Target': b'DynamoDB_20120810.Scan', 'Content-Type': b'application/x-amz-json-1.0', 'User-Agent': b'Boto3/1.18.11 Python/3.8.0 Darwin/19.6.0 Botocore/1.21.11 Resource', 'X-Amz-Date': b'20210803T153441Z', 'Authorization': b'AWS4-HMAC-SHA256 Credential=AKIARM56JYRCU2OOB7XQ/20210803/us-east-1/dynamodb/aws4_request, SignedHeaders=content-type;host;x-amz-date;x-amz-target, Signature=6fa21fd9e7d11a2934cc30cb233e59d3269fe1d63301c5623b1885b0fac9fe45', 'Content-Length': '29'}>
2021-08-03 09:34:41,743 DEBUG botocore.httpsession Thread-2 : Certificate path: /Users/srubey/PycharmProjects/testFlaskProject/env/lib/python3.8/site-packages/botocore/cacert.pem
2021-08-03 09:34:41,802 DEBUG urllib3.connectionpool Thread-2 : https://dynamodb.us-east-1.amazonaws.com:443 "POST / HTTP/1.1" 200 1249
2021-08-03 09:34:41,802 DEBUG botocore.parsers Thread-2 : Response headers: {'Server': 'Server', 'Date': 'Tue, 03 Aug 2021 15:34:41 GMT', 'Content-Type': 'application/x-amz-json-1.0', 'Content-Length': '1249', 'Connection': 'keep-alive', 'x-amzn-RequestId': '4MMR1V9VSB9OIKOK47L96D2NS3VV4KQNSO5AEMVJF66Q9ASUAAJG', 'x-amz-crc32': '1876378803'}
2021-08-03 09:34:41,803 DEBUG botocore.parsers Thread-2 : Response body:
b'{"Count":12,"Items":[{"message":{"S":"Eric"},"name":{"S":"Chiming in here!\\r\\n"},"timestamp":{"S":"2021-08-03 09:25:44.890307"}},{"message":{"S":"Harry"},"name":{"S":"Well hello there!"},"timestamp":{"S":"2021-08-02 17:23:42.051807"}},{"message":{"S":"scott"},"name":{"S":"Test 3"},"timestamp":{"S":"2021-08-02 17:20:44.651013"}},{"message":{"S":"Eric"},"name":{"S":"Uh oh..."},"timestamp":{"S":"2021-08-03 09:26:12.042895"}},{"message":{"S":"Eric"},"name":{"S":"Whatdya think?"},"timestamp":{"S":"2021-08-03 09:25:51.874411"}},{"message":{"S":"Eric"},"name":{"S":"Oh yeah, seems to be working now..."},"timestamp":{"S":"2021-08-03 09:25:59.961614"}},{"message":{"S":"scott"},"name":{"S":"Test 4"},"timestamp":{"S":"2021-08-02 17:20:51.808133"}},{"message":{"S":"Harry"},"name":{"S":"Goodbye"},"timestamp":{"S":"2021-08-02 17:23:48.870860"}},{"message":{"S":"Eric"},"name":{"S":"Keep going..."},"timestamp":{"S":"2021-08-03 09:26:05.490067"}},{"message":{"S":"John"},"name":{"S":"Hey guys!"},"timestamp":{"S":"2021-08-02 17:26:13.205307"}},{"message":{"S":"scott"},"name":{"S":"Test 2"},"timestamp":{"S":"2021-08-02 17:20:38.809618"}},{"message":{"S":"scott"},"name":{"S":"Test 1"},"timestamp":{"S":"2021-08-02 17:20:32.303538"}}],"ScannedCount":12}'
2021-08-03 09:34:41,804 DEBUG botocore.hooks Thread-2 : Event needs-retry.dynamodb.Scan: calling handler <botocore.retryhandler.RetryHandler object at 0x7ff63da8f8e0>
2021-08-03 09:34:41,805 DEBUG botocore.retryhandler Thread-2 : No retry needed.
2021-08-03 09:34:41,805 DEBUG botocore.hooks Thread-2 : Event after-call.dynamodb.Scan: calling handler <bound method TransformationInjector.inject_attribute_value_output of <boto3.dynamodb.transform.TransformationInjector object at 0x7ff63db09910>>
2021-08-03 09:34:41,805 DEBUG boto3.resources.action Thread-2 : Response: {'Items': [{'message': 'Eric', 'name': 'Chiming in here!\r\n', 'timestamp': '2021-08-03 09:25:44.890307'}, {'message': 'Harry', 'name': 'Well hello there!', 'timestamp': '2021-08-02 17:23:42.051807'}, {'message': 'scott', 'name': 'Test 3', 'timestamp': '2021-08-02 17:20:44.651013'}, {'message': 'Eric', 'name': 'Uh oh...', 'timestamp': '2021-08-03 09:26:12.042895'}, {'message': 'Eric', 'name': 'Whatdya think?', 'timestamp': '2021-08-03 09:25:51.874411'}, {'message': 'Eric', 'name': 'Oh yeah, seems to be working now...', 'timestamp': '2021-08-03 09:25:59.961614'}, {'message': 'scott', 'name': 'Test 4', 'timestamp': '2021-08-02 17:20:51.808133'}, {'message': 'Harry', 'name': 'Goodbye', 'timestamp': '2021-08-02 17:23:48.870860'}, {'message': 'Eric', 'name': 'Keep going...', 'timestamp': '2021-08-03 09:26:05.490067'}, {'message': 'John', 'name': 'Hey guys!', 'timestamp': '2021-08-02 17:26:13.205307'}, {'message': 'scott', 'name': 'Test 2', 'timestamp': '2021-08-02 17:20:38.809618'}, {'message': 'scott', 'name': 'Test 1', 'timestamp': '2021-08-02 17:20:32.303538'}], 'Count': 12, 'ScannedCount': 12, 'ResponseMetadata': {'RequestId': '4MMR1V9VSB9OIKOK47L96D2NS3VV4KQNSO5AEMVJF66Q9ASUAAJG', 'HTTPStatusCode': 200, 'HTTPHeaders': {'server': 'Server', 'date': 'Tue, 03 Aug 2021 15:34:41 GMT', 'content-type': 'application/x-amz-json-1.0', 'content-length': '1249', 'connection': 'keep-alive', 'x-amzn-requestid': '4MMR1V9VSB9OIKOK47L96D2NS3VV4KQNSO5AEMVJF66Q9ASUAAJG', 'x-amz-crc32': '1876378803'}, 'RetryAttempts': 0}}
2021-08-03 09:34:41,815 INFO werkzeug Thread-2 : 127.0.0.1 - - [03/Aug/2021 09:34:41] "GET /chat HTTP/1.1" 200 -
2021-08-03 09:34:41,874 INFO werkzeug Thread-3 : 127.0.0.1 - - [03/Aug/2021 09:34:41] "GET /static/index.css HTTP/1.1" 200 -
2021-08-03 09:35:19,383 INFO werkzeug MainThread :  * Running on http://127.0.0.1:5000/ (Press CTRL+C to quit)
